[ 2017-05-24T13:47:33+08:00 ] ::1 /Mine/Learn/Blog/
INFO: [ app_init ] --START--
INFO: Run Behavior\BuildLiteBehavior [ RunTime:0.000015s ]
INFO: [ app_init ] --END-- [ RunTime:0.009487s ]
INFO: [ app_begin ] --START--
INFO: Run Behavior\ReadHtmlCacheBehavior [ RunTime:0.007269s ]
INFO: [ app_begin ] --END-- [ RunTime:0.007330s ]
SQL: SHOW COLUMNS FROM `blog_fenlei` [ RunTime:0.0295s ]
SQL: SELECT * FROM `blog_fenlei` WHERE ( fid = 0 ) ORDER BY sort desc  [ RunTime:0.0004s ]
SQL: SELECT * FROM `blog_fenlei` WHERE ( fid != 0 ) ORDER BY sort desc  [ RunTime:0.0002s ]
SQL: SHOW COLUMNS FROM `blog_site` [ RunTime:0.0140s ]
SQL: SELECT * FROM `blog_site` WHERE `id` = 1 LIMIT 1   [ RunTime:0.0098s ]
SQL: SHOW COLUMNS FROM `blog_email_set` [ RunTime:0.0185s ]
SQL: SELECT * FROM `blog_email_set` WHERE `id` = 1 LIMIT 1   [ RunTime:0.0002s ]
SQL: SHOW COLUMNS FROM `blog_friendlink` [ RunTime:0.0117s ]
SQL: SELECT * FROM `blog_friendlink` ORDER BY id desc  [ RunTime:0.0003s ]
SQL: SHOW COLUMNS FROM `blog_article` [ RunTime:0.0267s ]
SQL: SELECT COUNT(*) AS tp_count FROM `blog_article` WHERE ( status = 0 ) LIMIT 1   [ RunTime:0.0088s ]
SQL: SELECT * FROM `blog_article` WHERE ( status = 0 ) ORDER BY istop desc,id desc LIMIT 0,10   [ RunTime:0.0007s ]
SQL: SHOW COLUMNS FROM `blog_user` [ RunTime:0.0263s ]
SQL: SELECT * FROM `blog_user` WHERE ( 1=1 AND id='14' ) LIMIT 1   [ RunTime:0.0003s ]
SQL: SHOW COLUMNS FROM `blog_fenlei` [ RunTime:0.0029s ]
SQL: SELECT * FROM `blog_fenlei` WHERE ( 1=1 AND id='29' ) LIMIT 1   [ RunTime:0.0002s ]
SQL: SELECT * FROM `blog_user` WHERE ( 1=1 AND id='14' ) LIMIT 1   [ RunTime:0.0002s ]
SQL: SELECT * FROM `blog_fenlei` WHERE ( 1=1 AND id='29' ) LIMIT 1   [ RunTime:0.0002s ]
SQL: SELECT * FROM `blog_user` WHERE ( 1=1 AND id='14' ) LIMIT 1   [ RunTime:0.0002s ]
SQL: SELECT * FROM `blog_fenlei` WHERE ( 1=1 AND id='29' ) LIMIT 1   [ RunTime:0.0001s ]
SQL: SELECT * FROM `blog_user` WHERE ( 1=1 AND id='14' ) LIMIT 1   [ RunTime:0.0001s ]
SQL: SELECT * FROM `blog_fenlei` WHERE ( 1=1 AND id='29' ) LIMIT 1   [ RunTime:0.0001s ]
SQL: SELECT * FROM `blog_user` WHERE ( 1=1 AND id='14' ) LIMIT 1   [ RunTime:0.0002s ]
SQL: SELECT * FROM `blog_fenlei` WHERE ( 1=1 AND id='29' ) LIMIT 1   [ RunTime:0.0001s ]
SQL: SELECT * FROM `blog_user` WHERE ( 1=1 AND id='14' ) LIMIT 1   [ RunTime:0.0001s ]
SQL: SELECT * FROM `blog_fenlei` WHERE ( 1=1 AND id='29' ) LIMIT 1   [ RunTime:0.0001s ]
SQL: SELECT * FROM `blog_user` WHERE ( 1=1 AND id='14' ) LIMIT 1   [ RunTime:0.0001s ]
SQL: SELECT * FROM `blog_fenlei` WHERE ( 1=1 AND id='28' ) LIMIT 1   [ RunTime:0.0001s ]
SQL: SELECT * FROM `blog_user` WHERE ( 1=1 AND id='14' ) LIMIT 1   [ RunTime:0.0001s ]
SQL: SELECT * FROM `blog_fenlei` WHERE ( 1=1 AND id='2' ) LIMIT 1   [ RunTime:0.0001s ]
SQL: SELECT * FROM `blog_user` WHERE ( 1=1 AND id='14' ) LIMIT 1   [ RunTime:0.0001s ]
SQL: SELECT * FROM `blog_fenlei` WHERE ( 1=1 AND id='2' ) LIMIT 1   [ RunTime:0.0002s ]
SQL: SELECT * FROM `blog_user` WHERE ( 1=1 AND id='14' ) LIMIT 1   [ RunTime:0.0001s ]
SQL: SELECT * FROM `blog_fenlei` WHERE ( 1=1 AND id='20' ) LIMIT 1   [ RunTime:0.0001s ]
SQL: SHOW COLUMNS FROM `blog_slides` [ RunTime:0.0142s ]
SQL: SELECT * FROM `blog_slides` ORDER BY id desc  [ RunTime:0.0003s ]
INFO: [ view_parse ] --START--
INFO: [ template_filter ] --START--
INFO: Run Behavior\ContentReplaceBehavior [ RunTime:0.000164s ]
INFO: [ template_filter ] --END-- [ RunTime:0.000215s ]
NOTIC: [8] Undefined index: muser E:\WWW\Mine\Learn\Blog\Application\Runtime\Cache\Home\4ff1c5b8284f90a50fd957ef30c3e1de.php 第 83 行.
NOTIC: [8] Undefined variable: is_active E:\WWW\Mine\Learn\Blog\Application\Runtime\Cache\Home\4ff1c5b8284f90a50fd957ef30c3e1de.php 第 363 行.
INFO: Run Behavior\ParseTemplateBehavior [ RunTime:0.065197s ]
INFO: [ view_parse ] --END-- [ RunTime:0.065246s ]
INFO: [ view_filter ] --START--
INFO: Run Behavior\WriteHtmlCacheBehavior [ RunTime:0.010749s ]
INFO: [ view_filter ] --END-- [ RunTime:0.010790s ]
INFO: [ app_end ] --START--
INFO: Run Behavior\ShowPageTraceBehavior [ RunTime:0.010248s ]
INFO: [ app_end ] --END-- [ RunTime:0.010305s ]

[ 2017-05-24T13:51:01+08:00 ] ::1 /Mine/Learn/Blog/
INFO: [ app_init ] --START--
INFO: Run Behavior\BuildLiteBehavior [ RunTime:0.000014s ]
INFO: [ app_init ] --END-- [ RunTime:0.000496s ]
INFO: [ app_begin ] --START--
INFO: Run Behavior\ReadHtmlCacheBehavior [ RunTime:0.000697s ]
INFO: [ app_begin ] --END-- [ RunTime:0.000758s ]
SQL: SHOW COLUMNS FROM `blog_fenlei` [ RunTime:0.0032s ]
SQL: SELECT * FROM `blog_fenlei` WHERE ( fid = 0 ) ORDER BY sort desc  [ RunTime:0.0004s ]
SQL: SELECT * FROM `blog_fenlei` WHERE ( fid != 0 ) ORDER BY sort desc  [ RunTime:0.0002s ]
SQL: SHOW COLUMNS FROM `blog_site` [ RunTime:0.0026s ]
SQL: SELECT * FROM `blog_site` WHERE `id` = 1 LIMIT 1   [ RunTime:0.0002s ]
SQL: SHOW COLUMNS FROM `blog_email_set` [ RunTime:0.0027s ]
SQL: SELECT * FROM `blog_email_set` WHERE `id` = 1 LIMIT 1   [ RunTime:0.0002s ]
SQL: SHOW COLUMNS FROM `blog_friendlink` [ RunTime:0.0025s ]
SQL: SELECT * FROM `blog_friendlink` ORDER BY id desc  [ RunTime:0.0002s ]
SQL: SHOW COLUMNS FROM `blog_article` [ RunTime:0.0026s ]
SQL: SELECT COUNT(*) AS tp_count FROM `blog_article` WHERE ( status = 0 ) LIMIT 1   [ RunTime:0.0004s ]
SQL: SELECT * FROM `blog_article` WHERE ( status = 0 ) ORDER BY istop desc,id desc LIMIT 0,10   [ RunTime:0.0007s ]
SQL: SHOW COLUMNS FROM `blog_user` [ RunTime:0.0028s ]
SQL: SELECT * FROM `blog_user` WHERE ( 1=1 AND id='14' ) LIMIT 1   [ RunTime:0.0002s ]
SQL: SHOW COLUMNS FROM `blog_fenlei` [ RunTime:0.0025s ]
SQL: SELECT * FROM `blog_fenlei` WHERE ( 1=1 AND id='29' ) LIMIT 1   [ RunTime:0.0002s ]
SQL: SELECT * FROM `blog_user` WHERE ( 1=1 AND id='14' ) LIMIT 1   [ RunTime:0.0002s ]
SQL: SELECT * FROM `blog_fenlei` WHERE ( 1=1 AND id='29' ) LIMIT 1   [ RunTime:0.0001s ]
SQL: SELECT * FROM `blog_user` WHERE ( 1=1 AND id='14' ) LIMIT 1   [ RunTime:0.0001s ]
SQL: SELECT * FROM `blog_fenlei` WHERE ( 1=1 AND id='29' ) LIMIT 1   [ RunTime:0.0001s ]
SQL: SELECT * FROM `blog_user` WHERE ( 1=1 AND id='14' ) LIMIT 1   [ RunTime:0.0001s ]
SQL: SELECT * FROM `blog_fenlei` WHERE ( 1=1 AND id='29' ) LIMIT 1   [ RunTime:0.0001s ]
SQL: SELECT * FROM `blog_user` WHERE ( 1=1 AND id='14' ) LIMIT 1   [ RunTime:0.0001s ]
SQL: SELECT * FROM `blog_fenlei` WHERE ( 1=1 AND id='29' ) LIMIT 1   [ RunTime:0.0002s ]
SQL: SELECT * FROM `blog_user` WHERE ( 1=1 AND id='14' ) LIMIT 1   [ RunTime:0.0001s ]
SQL: SELECT * FROM `blog_fenlei` WHERE ( 1=1 AND id='29' ) LIMIT 1   [ RunTime:0.0001s ]
SQL: SELECT * FROM `blog_user` WHERE ( 1=1 AND id='14' ) LIMIT 1   [ RunTime:0.0001s ]
SQL: SELECT * FROM `blog_fenlei` WHERE ( 1=1 AND id='28' ) LIMIT 1   [ RunTime:0.0001s ]
SQL: SELECT * FROM `blog_user` WHERE ( 1=1 AND id='14' ) LIMIT 1   [ RunTime:0.0001s ]
SQL: SELECT * FROM `blog_fenlei` WHERE ( 1=1 AND id='2' ) LIMIT 1   [ RunTime:0.0001s ]
SQL: SELECT * FROM `blog_user` WHERE ( 1=1 AND id='14' ) LIMIT 1   [ RunTime:0.0001s ]
SQL: SELECT * FROM `blog_fenlei` WHERE ( 1=1 AND id='2' ) LIMIT 1   [ RunTime:0.0001s ]
SQL: SELECT * FROM `blog_user` WHERE ( 1=1 AND id='14' ) LIMIT 1   [ RunTime:0.0001s ]
SQL: SELECT * FROM `blog_fenlei` WHERE ( 1=1 AND id='20' ) LIMIT 1   [ RunTime:0.0001s ]
SQL: SHOW COLUMNS FROM `blog_slides` [ RunTime:0.0035s ]
SQL: SELECT * FROM `blog_slides` ORDER BY id desc  [ RunTime:0.0002s ]
INFO: [ view_parse ] --START--
INFO: [ template_filter ] --START--
INFO: Run Behavior\ContentReplaceBehavior [ RunTime:0.000106s ]
INFO: [ template_filter ] --END-- [ RunTime:0.000144s ]
NOTIC: [8] Undefined index: muser E:\WWW\Mine\Learn\Blog\Application\Runtime\Cache\Home\4ff1c5b8284f90a50fd957ef30c3e1de.php 第 83 行.
NOTIC: [8] Undefined variable: is_active E:\WWW\Mine\Learn\Blog\Application\Runtime\Cache\Home\4ff1c5b8284f90a50fd957ef30c3e1de.php 第 363 行.
INFO: Run Behavior\ParseTemplateBehavior [ RunTime:0.013425s ]
INFO: [ view_parse ] --END-- [ RunTime:0.013478s ]
INFO: [ view_filter ] --START--
INFO: Run Behavior\WriteHtmlCacheBehavior [ RunTime:0.000325s ]
INFO: [ view_filter ] --END-- [ RunTime:0.000351s ]
INFO: [ app_end ] --START--
INFO: Run Behavior\ShowPageTraceBehavior [ RunTime:0.000427s ]
INFO: [ app_end ] --END-- [ RunTime:0.000459s ]

[ 2017-05-24T13:52:25+08:00 ] ::1 /Mine/Learn/Blog/
INFO: [ app_init ] --START--
INFO: Run Behavior\BuildLiteBehavior [ RunTime:0.000011s ]
INFO: [ app_init ] --END-- [ RunTime:0.000404s ]
INFO: [ app_begin ] --START--
INFO: Run Behavior\ReadHtmlCacheBehavior [ RunTime:0.000491s ]
INFO: [ app_begin ] --END-- [ RunTime:0.000532s ]
SQL: SHOW COLUMNS FROM `blog_fenlei` [ RunTime:0.0028s ]
SQL: SELECT * FROM `blog_fenlei` WHERE ( fid = 0 ) ORDER BY sort desc  [ RunTime:0.0002s ]
SQL: SELECT * FROM `blog_fenlei` WHERE ( fid != 0 ) ORDER BY sort desc  [ RunTime:0.0002s ]
SQL: SHOW COLUMNS FROM `blog_site` [ RunTime:0.0026s ]
SQL: SELECT * FROM `blog_site` WHERE `id` = 1 LIMIT 1   [ RunTime:0.0002s ]
SQL: SHOW COLUMNS FROM `blog_email_set` [ RunTime:0.0025s ]
SQL: SELECT * FROM `blog_email_set` WHERE `id` = 1 LIMIT 1   [ RunTime:0.0001s ]
SQL: SHOW COLUMNS FROM `blog_friendlink` [ RunTime:0.0027s ]
SQL: SELECT * FROM `blog_friendlink` ORDER BY id desc  [ RunTime:0.0002s ]
SQL: SHOW COLUMNS FROM `blog_article` [ RunTime:0.0028s ]
SQL: SELECT COUNT(*) AS tp_count FROM `blog_article` WHERE ( status = 0 ) LIMIT 1   [ RunTime:0.0002s ]
SQL: SELECT * FROM `blog_article` WHERE ( status = 0 ) ORDER BY istop desc,id desc LIMIT 0,10   [ RunTime:0.0006s ]
SQL: SHOW COLUMNS FROM `blog_user` [ RunTime:0.0025s ]
SQL: SELECT * FROM `blog_user` WHERE ( 1=1 AND id='14' ) LIMIT 1   [ RunTime:0.0002s ]
SQL: SHOW COLUMNS FROM `blog_fenlei` [ RunTime:0.0024s ]
SQL: SELECT * FROM `blog_fenlei` WHERE ( 1=1 AND id='29' ) LIMIT 1   [ RunTime:0.0002s ]
SQL: SELECT * FROM `blog_user` WHERE ( 1=1 AND id='14' ) LIMIT 1   [ RunTime:0.0002s ]
SQL: SELECT * FROM `blog_fenlei` WHERE ( 1=1 AND id='29' ) LIMIT 1   [ RunTime:0.0002s ]
SQL: SELECT * FROM `blog_user` WHERE ( 1=1 AND id='14' ) LIMIT 1   [ RunTime:0.0002s ]
SQL: SELECT * FROM `blog_fenlei` WHERE ( 1=1 AND id='29' ) LIMIT 1   [ RunTime:0.0002s ]
SQL: SELECT * FROM `blog_user` WHERE ( 1=1 AND id='14' ) LIMIT 1   [ RunTime:0.0002s ]
SQL: SELECT * FROM `blog_fenlei` WHERE ( 1=1 AND id='29' ) LIMIT 1   [ RunTime:0.0003s ]
SQL: SELECT * FROM `blog_user` WHERE ( 1=1 AND id='14' ) LIMIT 1   [ RunTime:0.0002s ]
SQL: SELECT * FROM `blog_fenlei` WHERE ( 1=1 AND id='29' ) LIMIT 1   [ RunTime:0.0002s ]
SQL: SELECT * FROM `blog_user` WHERE ( 1=1 AND id='14' ) LIMIT 1   [ RunTime:0.0002s ]
SQL: SELECT * FROM `blog_fenlei` WHERE ( 1=1 AND id='29' ) LIMIT 1   [ RunTime:0.0002s ]
SQL: SELECT * FROM `blog_user` WHERE ( 1=1 AND id='14' ) LIMIT 1   [ RunTime:0.0002s ]
SQL: SELECT * FROM `blog_fenlei` WHERE ( 1=1 AND id='28' ) LIMIT 1   [ RunTime:0.0002s ]
SQL: SELECT * FROM `blog_user` WHERE ( 1=1 AND id='14' ) LIMIT 1   [ RunTime:0.0002s ]
SQL: SELECT * FROM `blog_fenlei` WHERE ( 1=1 AND id='2' ) LIMIT 1   [ RunTime:0.0002s ]
SQL: SELECT * FROM `blog_user` WHERE ( 1=1 AND id='14' ) LIMIT 1   [ RunTime:0.0002s ]
SQL: SELECT * FROM `blog_fenlei` WHERE ( 1=1 AND id='2' ) LIMIT 1   [ RunTime:0.0002s ]
SQL: SELECT * FROM `blog_user` WHERE ( 1=1 AND id='14' ) LIMIT 1   [ RunTime:0.0002s ]
SQL: SELECT * FROM `blog_fenlei` WHERE ( 1=1 AND id='20' ) LIMIT 1   [ RunTime:0.0002s ]
SQL: SHOW COLUMNS FROM `blog_slides` [ RunTime:0.0030s ]
SQL: SELECT * FROM `blog_slides` ORDER BY id desc  [ RunTime:0.0002s ]
INFO: [ view_parse ] --START--
INFO: [ template_filter ] --START--
INFO: Run Behavior\ContentReplaceBehavior [ RunTime:0.000137s ]
INFO: [ template_filter ] --END-- [ RunTime:0.000187s ]
NOTIC: [8] Undefined index: muser E:\WWW\Mine\Learn\Blog\Application\Runtime\Cache\Home\4ff1c5b8284f90a50fd957ef30c3e1de.php 第 83 行.
NOTIC: [8] Undefined variable: is_active E:\WWW\Mine\Learn\Blog\Application\Runtime\Cache\Home\4ff1c5b8284f90a50fd957ef30c3e1de.php 第 363 行.
INFO: Run Behavior\ParseTemplateBehavior [ RunTime:0.013989s ]
INFO: [ view_parse ] --END-- [ RunTime:0.014054s ]
INFO: [ view_filter ] --START--
INFO: Run Behavior\WriteHtmlCacheBehavior [ RunTime:0.000336s ]
INFO: [ view_filter ] --END-- [ RunTime:0.000362s ]
INFO: [ app_end ] --START--
INFO: Run Behavior\ShowPageTraceBehavior [ RunTime:0.000477s ]
INFO: [ app_end ] --END-- [ RunTime:0.000523s ]

