[ 2017-01-04T23:00:20+08:00 ] 182.150.0.26 /
INFO: [ app_init ] --START--
INFO: Run Behavior\BuildLiteBehavior [ RunTime:0.000015s ]
INFO: [ app_init ] --END-- [ RunTime:0.000391s ]
INFO: [ app_begin ] --START--
INFO: Run Behavior\ReadHtmlCacheBehavior [ RunTime:0.000516s ]
INFO: [ app_begin ] --END-- [ RunTime:0.000570s ]
SQL: SHOW COLUMNS FROM `blog_fenlei` [ RunTime:0.0007s ]
SQL: SELECT * FROM `blog_fenlei` WHERE ( fid = 0 ) ORDER BY sort desc  [ RunTime:0.0004s ]
SQL: SELECT * FROM `blog_fenlei` WHERE ( fid != 0 ) ORDER BY sort desc  [ RunTime:0.0004s ]
SQL: SHOW COLUMNS FROM `blog_site` [ RunTime:0.0007s ]
SQL: SELECT * FROM `blog_site` WHERE `id` = 1 LIMIT 1   [ RunTime:0.0004s ]
SQL: SHOW COLUMNS FROM `blog_email_set` [ RunTime:0.0007s ]
SQL: SELECT * FROM `blog_email_set` WHERE `id` = 1 LIMIT 1   [ RunTime:0.0004s ]
SQL: SHOW COLUMNS FROM `blog_friendlink` [ RunTime:0.0006s ]
SQL: SELECT * FROM `blog_friendlink` ORDER BY id desc  [ RunTime:0.0005s ]
SQL: SHOW COLUMNS FROM `blog_article` [ RunTime:0.0008s ]
SQL: SELECT COUNT(*) AS tp_count FROM `blog_article` WHERE ( status = 0 ) LIMIT 1   [ RunTime:0.0006s ]
SQL: SELECT * FROM `blog_article` WHERE ( status = 0 ) ORDER BY istop desc,id desc LIMIT 0,10   [ RunTime:0.0023s ]
SQL: SHOW COLUMNS FROM `blog_user` [ RunTime:0.0006s ]
SQL: SELECT * FROM `blog_user` WHERE ( 1=1 AND id='14' ) LIMIT 1   [ RunTime:0.0004s ]
SQL: SHOW COLUMNS FROM `blog_fenlei` [ RunTime:0.0008s ]
SQL: SELECT * FROM `blog_fenlei` WHERE ( 1=1 AND id='28' ) LIMIT 1   [ RunTime:0.0005s ]
SQL: SELECT * FROM `blog_user` WHERE ( 1=1 AND id='14' ) LIMIT 1   [ RunTime:0.0004s ]
SQL: SELECT * FROM `blog_fenlei` WHERE ( 1=1 AND id='28' ) LIMIT 1   [ RunTime:0.0003s ]
SQL: SELECT * FROM `blog_user` WHERE ( 1=1 AND id='14' ) LIMIT 1   [ RunTime:0.0004s ]
SQL: SELECT * FROM `blog_fenlei` WHERE ( 1=1 AND id='2' ) LIMIT 1   [ RunTime:0.0005s ]
SQL: SELECT * FROM `blog_user` WHERE ( 1=1 AND id='14' ) LIMIT 1   [ RunTime:0.0003s ]
SQL: SELECT * FROM `blog_fenlei` WHERE ( 1=1 AND id='2' ) LIMIT 1   [ RunTime:0.0003s ]
SQL: SELECT * FROM `blog_user` WHERE ( 1=1 AND id='14' ) LIMIT 1   [ RunTime:0.0003s ]
SQL: SELECT * FROM `blog_fenlei` WHERE ( 1=1 AND id='20' ) LIMIT 1   [ RunTime:0.0003s ]
SQL: SELECT * FROM `blog_user` WHERE ( 1=1 AND id='14' ) LIMIT 1   [ RunTime:0.0003s ]
SQL: SELECT * FROM `blog_fenlei` WHERE ( 1=1 AND id='2' ) LIMIT 1   [ RunTime:0.0003s ]
SQL: SELECT * FROM `blog_user` WHERE ( 1=1 AND id='14' ) LIMIT 1   [ RunTime:0.0004s ]
SQL: SELECT * FROM `blog_fenlei` WHERE ( 1=1 AND id='2' ) LIMIT 1   [ RunTime:0.0004s ]
SQL: SELECT * FROM `blog_user` WHERE ( 1=1 AND id='14' ) LIMIT 1   [ RunTime:0.0004s ]
SQL: SELECT * FROM `blog_fenlei` WHERE ( 1=1 AND id='29' ) LIMIT 1   [ RunTime:0.0003s ]
SQL: SELECT * FROM `blog_user` WHERE ( 1=1 AND id='14' ) LIMIT 1   [ RunTime:0.0004s ]
SQL: SELECT * FROM `blog_fenlei` WHERE ( 1=1 AND id='26' ) LIMIT 1   [ RunTime:0.0004s ]
SQL: SELECT * FROM `blog_user` WHERE ( 1=1 AND id='14' ) LIMIT 1   [ RunTime:0.0004s ]
SQL: SELECT * FROM `blog_fenlei` WHERE ( 1=1 AND id='26' ) LIMIT 1   [ RunTime:0.0004s ]
SQL: SHOW COLUMNS FROM `blog_slides` [ RunTime:0.0006s ]
SQL: SELECT * FROM `blog_slides` ORDER BY id desc  [ RunTime:0.0006s ]
INFO: [ view_parse ] --START--
INFO: [ template_filter ] --START--
INFO: Run Behavior\ContentReplaceBehavior [ RunTime:0.000183s ]
INFO: [ template_filter ] --END-- [ RunTime:0.000234s ]
NOTIC: [8] Undefined index: muser /data/home/qxu1141980280/htdocs/Application/Runtime/Cache/Home/4ff1c5b8284f90a50fd957ef30c3e1de.php 第 83 行.
NOTIC: [8] Undefined variable: is_active /data/home/qxu1141980280/htdocs/Application/Runtime/Cache/Home/4ff1c5b8284f90a50fd957ef30c3e1de.php 第 363 行.
INFO: Run Behavior\ParseTemplateBehavior [ RunTime:0.018702s ]
INFO: [ view_parse ] --END-- [ RunTime:0.018747s ]
INFO: [ view_filter ] --START--
INFO: Run Behavior\WriteHtmlCacheBehavior [ RunTime:0.000290s ]
INFO: [ view_filter ] --END-- [ RunTime:0.000332s ]
INFO: [ app_end ] --START--
INFO: Run Behavior\ShowPageTraceBehavior [ RunTime:0.000562s ]
INFO: [ app_end ] --END-- [ RunTime:0.000605s ]

[ 2017-01-04T23:00:20+08:00 ] 42.236.7.68 /
INFO: [ app_init ] --START--
INFO: Run Behavior\BuildLiteBehavior [ RunTime:0.000016s ]
INFO: [ app_init ] --END-- [ RunTime:0.000399s ]
INFO: [ app_begin ] --START--
INFO: Run Behavior\ReadHtmlCacheBehavior [ RunTime:0.000529s ]
INFO: [ app_begin ] --END-- [ RunTime:0.000584s ]
SQL: SHOW COLUMNS FROM `blog_fenlei` [ RunTime:0.0008s ]
SQL: SELECT * FROM `blog_fenlei` WHERE ( fid = 0 ) ORDER BY sort desc  [ RunTime:0.0004s ]
SQL: SELECT * FROM `blog_fenlei` WHERE ( fid != 0 ) ORDER BY sort desc  [ RunTime:0.0004s ]
SQL: SHOW COLUMNS FROM `blog_site` [ RunTime:0.0007s ]
SQL: SELECT * FROM `blog_site` WHERE `id` = 1 LIMIT 1   [ RunTime:0.0004s ]
SQL: SHOW COLUMNS FROM `blog_email_set` [ RunTime:0.0007s ]
SQL: SELECT * FROM `blog_email_set` WHERE `id` = 1 LIMIT 1   [ RunTime:0.0005s ]
SQL: SHOW COLUMNS FROM `blog_friendlink` [ RunTime:0.0007s ]
SQL: SELECT * FROM `blog_friendlink` ORDER BY id desc  [ RunTime:0.0004s ]
SQL: SHOW COLUMNS FROM `blog_article` [ RunTime:0.0008s ]
SQL: SELECT COUNT(*) AS tp_count FROM `blog_article` WHERE ( status = 0 ) LIMIT 1   [ RunTime:0.0005s ]
SQL: SELECT * FROM `blog_article` WHERE ( status = 0 ) ORDER BY istop desc,id desc LIMIT 0,10   [ RunTime:0.0018s ]
SQL: SHOW COLUMNS FROM `blog_user` [ RunTime:0.0006s ]
SQL: SELECT * FROM `blog_user` WHERE ( 1=1 AND id='14' ) LIMIT 1   [ RunTime:0.0006s ]
SQL: SHOW COLUMNS FROM `blog_fenlei` [ RunTime:0.0008s ]
SQL: SELECT * FROM `blog_fenlei` WHERE ( 1=1 AND id='28' ) LIMIT 1   [ RunTime:0.0004s ]
SQL: SELECT * FROM `blog_user` WHERE ( 1=1 AND id='14' ) LIMIT 1   [ RunTime:0.0005s ]
SQL: SELECT * FROM `blog_fenlei` WHERE ( 1=1 AND id='28' ) LIMIT 1   [ RunTime:0.0016s ]
SQL: SELECT * FROM `blog_user` WHERE ( 1=1 AND id='14' ) LIMIT 1   [ RunTime:0.0004s ]
SQL: SELECT * FROM `blog_fenlei` WHERE ( 1=1 AND id='2' ) LIMIT 1   [ RunTime:0.0003s ]
SQL: SELECT * FROM `blog_user` WHERE ( 1=1 AND id='14' ) LIMIT 1   [ RunTime:0.0004s ]
SQL: SELECT * FROM `blog_fenlei` WHERE ( 1=1 AND id='2' ) LIMIT 1   [ RunTime:0.0004s ]
SQL: SELECT * FROM `blog_user` WHERE ( 1=1 AND id='14' ) LIMIT 1   [ RunTime:0.0004s ]
SQL: SELECT * FROM `blog_fenlei` WHERE ( 1=1 AND id='20' ) LIMIT 1   [ RunTime:0.0003s ]
SQL: SELECT * FROM `blog_user` WHERE ( 1=1 AND id='14' ) LIMIT 1   [ RunTime:0.0004s ]
SQL: SELECT * FROM `blog_fenlei` WHERE ( 1=1 AND id='2' ) LIMIT 1   [ RunTime:0.0004s ]
SQL: SELECT * FROM `blog_user` WHERE ( 1=1 AND id='14' ) LIMIT 1   [ RunTime:0.0004s ]
SQL: SELECT * FROM `blog_fenlei` WHERE ( 1=1 AND id='2' ) LIMIT 1   [ RunTime:0.0005s ]
SQL: SELECT * FROM `blog_user` WHERE ( 1=1 AND id='14' ) LIMIT 1   [ RunTime:0.0006s ]
SQL: SELECT * FROM `blog_fenlei` WHERE ( 1=1 AND id='29' ) LIMIT 1   [ RunTime:0.0004s ]
SQL: SELECT * FROM `blog_user` WHERE ( 1=1 AND id='14' ) LIMIT 1   [ RunTime:0.0004s ]
SQL: SELECT * FROM `blog_fenlei` WHERE ( 1=1 AND id='26' ) LIMIT 1   [ RunTime:0.0003s ]
SQL: SELECT * FROM `blog_user` WHERE ( 1=1 AND id='14' ) LIMIT 1   [ RunTime:0.0004s ]
SQL: SELECT * FROM `blog_fenlei` WHERE ( 1=1 AND id='26' ) LIMIT 1   [ RunTime:0.0003s ]
SQL: SHOW COLUMNS FROM `blog_slides` [ RunTime:0.0009s ]
SQL: SELECT * FROM `blog_slides` ORDER BY id desc  [ RunTime:0.0004s ]
INFO: [ view_parse ] --START--
INFO: [ template_filter ] --START--
INFO: Run Behavior\ContentReplaceBehavior [ RunTime:0.000209s ]
INFO: [ template_filter ] --END-- [ RunTime:0.000265s ]
NOTIC: [8] Undefined index: muser /data/home/qxu1141980280/htdocs/Application/Runtime/Cache/Home/4ff1c5b8284f90a50fd957ef30c3e1de.php 第 83 行.
NOTIC: [8] Undefined variable: is_active /data/home/qxu1141980280/htdocs/Application/Runtime/Cache/Home/4ff1c5b8284f90a50fd957ef30c3e1de.php 第 363 行.
INFO: Run Behavior\ParseTemplateBehavior [ RunTime:0.019907s ]
INFO: [ view_parse ] --END-- [ RunTime:0.019992s ]
INFO: [ view_filter ] --START--
INFO: Run Behavior\WriteHtmlCacheBehavior [ RunTime:0.000427s ]
INFO: [ view_filter ] --END-- [ RunTime:0.000473s ]
INFO: [ app_end ] --START--
INFO: Run Behavior\ShowPageTraceBehavior [ RunTime:0.000646s ]
INFO: [ app_end ] --END-- [ RunTime:0.000693s ]

[ 2017-01-04T23:00:21+08:00 ] 61.182.137.6 /
INFO: [ app_init ] --START--
INFO: Run Behavior\BuildLiteBehavior [ RunTime:0.000016s ]
INFO: [ app_init ] --END-- [ RunTime:0.000389s ]
INFO: [ app_begin ] --START--
INFO: Run Behavior\ReadHtmlCacheBehavior [ RunTime:0.000507s ]
INFO: [ app_begin ] --END-- [ RunTime:0.000560s ]
SQL: SHOW COLUMNS FROM `blog_fenlei` [ RunTime:0.0007s ]
SQL: SELECT * FROM `blog_fenlei` WHERE ( fid = 0 ) ORDER BY sort desc  [ RunTime:0.0004s ]
SQL: SELECT * FROM `blog_fenlei` WHERE ( fid != 0 ) ORDER BY sort desc  [ RunTime:0.0004s ]
SQL: SHOW COLUMNS FROM `blog_site` [ RunTime:0.0009s ]
SQL: SELECT * FROM `blog_site` WHERE `id` = 1 LIMIT 1   [ RunTime:0.0004s ]
SQL: SHOW COLUMNS FROM `blog_email_set` [ RunTime:0.0007s ]
SQL: SELECT * FROM `blog_email_set` WHERE `id` = 1 LIMIT 1   [ RunTime:0.0005s ]
SQL: SHOW COLUMNS FROM `blog_friendlink` [ RunTime:0.0008s ]
SQL: SELECT * FROM `blog_friendlink` ORDER BY id desc  [ RunTime:0.0006s ]
SQL: SHOW COLUMNS FROM `blog_article` [ RunTime:0.0009s ]
SQL: SELECT COUNT(*) AS tp_count FROM `blog_article` WHERE ( status = 0 ) LIMIT 1   [ RunTime:0.0003s ]
SQL: SELECT * FROM `blog_article` WHERE ( status = 0 ) ORDER BY istop desc,id desc LIMIT 0,10   [ RunTime:0.0023s ]
SQL: SHOW COLUMNS FROM `blog_user` [ RunTime:0.0007s ]
SQL: SELECT * FROM `blog_user` WHERE ( 1=1 AND id='14' ) LIMIT 1   [ RunTime:0.0004s ]
SQL: SHOW COLUMNS FROM `blog_fenlei` [ RunTime:0.0006s ]
SQL: SELECT * FROM `blog_fenlei` WHERE ( 1=1 AND id='28' ) LIMIT 1   [ RunTime:0.0003s ]
SQL: SELECT * FROM `blog_user` WHERE ( 1=1 AND id='14' ) LIMIT 1   [ RunTime:0.0004s ]
SQL: SELECT * FROM `blog_fenlei` WHERE ( 1=1 AND id='28' ) LIMIT 1   [ RunTime:0.0004s ]
SQL: SELECT * FROM `blog_user` WHERE ( 1=1 AND id='14' ) LIMIT 1   [ RunTime:0.0004s ]
SQL: SELECT * FROM `blog_fenlei` WHERE ( 1=1 AND id='2' ) LIMIT 1   [ RunTime:0.0003s ]
SQL: SELECT * FROM `blog_user` WHERE ( 1=1 AND id='14' ) LIMIT 1   [ RunTime:0.0004s ]
SQL: SELECT * FROM `blog_fenlei` WHERE ( 1=1 AND id='2' ) LIMIT 1   [ RunTime:0.0005s ]
SQL: SELECT * FROM `blog_user` WHERE ( 1=1 AND id='14' ) LIMIT 1   [ RunTime:0.0004s ]
SQL: SELECT * FROM `blog_fenlei` WHERE ( 1=1 AND id='20' ) LIMIT 1   [ RunTime:0.0004s ]
SQL: SELECT * FROM `blog_user` WHERE ( 1=1 AND id='14' ) LIMIT 1   [ RunTime:0.0004s ]
SQL: SELECT * FROM `blog_fenlei` WHERE ( 1=1 AND id='2' ) LIMIT 1   [ RunTime:0.0005s ]
SQL: SELECT * FROM `blog_user` WHERE ( 1=1 AND id='14' ) LIMIT 1   [ RunTime:0.0005s ]
SQL: SELECT * FROM `blog_fenlei` WHERE ( 1=1 AND id='2' ) LIMIT 1   [ RunTime:0.0004s ]
SQL: SELECT * FROM `blog_user` WHERE ( 1=1 AND id='14' ) LIMIT 1   [ RunTime:0.0005s ]
SQL: SELECT * FROM `blog_fenlei` WHERE ( 1=1 AND id='29' ) LIMIT 1   [ RunTime:0.0003s ]
SQL: SELECT * FROM `blog_user` WHERE ( 1=1 AND id='14' ) LIMIT 1   [ RunTime:0.0004s ]
SQL: SELECT * FROM `blog_fenlei` WHERE ( 1=1 AND id='26' ) LIMIT 1   [ RunTime:0.0004s ]
SQL: SELECT * FROM `blog_user` WHERE ( 1=1 AND id='14' ) LIMIT 1   [ RunTime:0.0005s ]
SQL: SELECT * FROM `blog_fenlei` WHERE ( 1=1 AND id='26' ) LIMIT 1   [ RunTime:0.0003s ]
SQL: SHOW COLUMNS FROM `blog_slides` [ RunTime:0.0007s ]
SQL: SELECT * FROM `blog_slides` ORDER BY id desc  [ RunTime:0.0004s ]
INFO: [ view_parse ] --START--
INFO: [ template_filter ] --START--
INFO: Run Behavior\ContentReplaceBehavior [ RunTime:0.000174s ]
INFO: [ template_filter ] --END-- [ RunTime:0.000234s ]
NOTIC: [8] Undefined index: muser /data/home/qxu1141980280/htdocs/Application/Runtime/Cache/Home/4ff1c5b8284f90a50fd957ef30c3e1de.php 第 83 行.
NOTIC: [8] Undefined variable: is_active /data/home/qxu1141980280/htdocs/Application/Runtime/Cache/Home/4ff1c5b8284f90a50fd957ef30c3e1de.php 第 363 行.
INFO: Run Behavior\ParseTemplateBehavior [ RunTime:0.019413s ]
INFO: [ view_parse ] --END-- [ RunTime:0.019462s ]
INFO: [ view_filter ] --START--
INFO: Run Behavior\WriteHtmlCacheBehavior [ RunTime:0.000329s ]
INFO: [ view_filter ] --END-- [ RunTime:0.000370s ]
INFO: [ app_end ] --START--
INFO: Run Behavior\ShowPageTraceBehavior [ RunTime:0.000589s ]
INFO: [ app_end ] --END-- [ RunTime:0.000632s ]

[ 2017-01-04T23:00:22+08:00 ] 117.27.149.14 /
INFO: [ app_init ] --START--
INFO: Run Behavior\BuildLiteBehavior [ RunTime:0.000019s ]
INFO: [ app_init ] --END-- [ RunTime:0.000438s ]
INFO: [ app_begin ] --START--
INFO: Run Behavior\ReadHtmlCacheBehavior [ RunTime:0.000545s ]
INFO: [ app_begin ] --END-- [ RunTime:0.000601s ]
SQL: SHOW COLUMNS FROM `blog_fenlei` [ RunTime:0.0008s ]
SQL: SELECT * FROM `blog_fenlei` WHERE ( fid = 0 ) ORDER BY sort desc  [ RunTime:0.0004s ]
SQL: SELECT * FROM `blog_fenlei` WHERE ( fid != 0 ) ORDER BY sort desc  [ RunTime:0.0003s ]
SQL: SHOW COLUMNS FROM `blog_site` [ RunTime:0.0007s ]
SQL: SELECT * FROM `blog_site` WHERE `id` = 1 LIMIT 1   [ RunTime:0.0004s ]
SQL: SHOW COLUMNS FROM `blog_email_set` [ RunTime:0.0006s ]
SQL: SELECT * FROM `blog_email_set` WHERE `id` = 1 LIMIT 1   [ RunTime:0.0004s ]
SQL: SHOW COLUMNS FROM `blog_friendlink` [ RunTime:0.0006s ]
SQL: SELECT * FROM `blog_friendlink` ORDER BY id desc  [ RunTime:0.0004s ]
SQL: SHOW COLUMNS FROM `blog_article` [ RunTime:0.0008s ]
SQL: SELECT COUNT(*) AS tp_count FROM `blog_article` WHERE ( status = 0 ) LIMIT 1   [ RunTime:0.0004s ]
SQL: SELECT * FROM `blog_article` WHERE ( status = 0 ) ORDER BY istop desc,id desc LIMIT 0,10   [ RunTime:0.0018s ]
SQL: SHOW COLUMNS FROM `blog_user` [ RunTime:0.0007s ]
SQL: SELECT * FROM `blog_user` WHERE ( 1=1 AND id='14' ) LIMIT 1   [ RunTime:0.0004s ]
SQL: SHOW COLUMNS FROM `blog_fenlei` [ RunTime:0.0006s ]
SQL: SELECT * FROM `blog_fenlei` WHERE ( 1=1 AND id='28' ) LIMIT 1   [ RunTime:0.0004s ]
SQL: SELECT * FROM `blog_user` WHERE ( 1=1 AND id='14' ) LIMIT 1   [ RunTime:0.0004s ]
SQL: SELECT * FROM `blog_fenlei` WHERE ( 1=1 AND id='28' ) LIMIT 1   [ RunTime:0.0003s ]
SQL: SELECT * FROM `blog_user` WHERE ( 1=1 AND id='14' ) LIMIT 1   [ RunTime:0.0004s ]
SQL: SELECT * FROM `blog_fenlei` WHERE ( 1=1 AND id='2' ) LIMIT 1   [ RunTime:0.0003s ]
SQL: SELECT * FROM `blog_user` WHERE ( 1=1 AND id='14' ) LIMIT 1   [ RunTime:0.0004s ]
SQL: SELECT * FROM `blog_fenlei` WHERE ( 1=1 AND id='2' ) LIMIT 1   [ RunTime:0.0003s ]
SQL: SELECT * FROM `blog_user` WHERE ( 1=1 AND id='14' ) LIMIT 1   [ RunTime:0.0004s ]
SQL: SELECT * FROM `blog_fenlei` WHERE ( 1=1 AND id='20' ) LIMIT 1   [ RunTime:0.0003s ]
SQL: SELECT * FROM `blog_user` WHERE ( 1=1 AND id='14' ) LIMIT 1   [ RunTime:0.0004s ]
SQL: SELECT * FROM `blog_fenlei` WHERE ( 1=1 AND id='2' ) LIMIT 1   [ RunTime:0.0003s ]
SQL: SELECT * FROM `blog_user` WHERE ( 1=1 AND id='14' ) LIMIT 1   [ RunTime:0.0004s ]
SQL: SELECT * FROM `blog_fenlei` WHERE ( 1=1 AND id='2' ) LIMIT 1   [ RunTime:0.0004s ]
SQL: SELECT * FROM `blog_user` WHERE ( 1=1 AND id='14' ) LIMIT 1   [ RunTime:0.0004s ]
SQL: SELECT * FROM `blog_fenlei` WHERE ( 1=1 AND id='29' ) LIMIT 1   [ RunTime:0.0003s ]
SQL: SELECT * FROM `blog_user` WHERE ( 1=1 AND id='14' ) LIMIT 1   [ RunTime:0.0004s ]
SQL: SELECT * FROM `blog_fenlei` WHERE ( 1=1 AND id='26' ) LIMIT 1   [ RunTime:0.0004s ]
SQL: SELECT * FROM `blog_user` WHERE ( 1=1 AND id='14' ) LIMIT 1   [ RunTime:0.0004s ]
SQL: SELECT * FROM `blog_fenlei` WHERE ( 1=1 AND id='26' ) LIMIT 1   [ RunTime:0.0003s ]
SQL: SHOW COLUMNS FROM `blog_slides` [ RunTime:0.0006s ]
SQL: SELECT * FROM `blog_slides` ORDER BY id desc  [ RunTime:0.0004s ]
INFO: [ view_parse ] --START--
INFO: [ template_filter ] --START--
INFO: Run Behavior\ContentReplaceBehavior [ RunTime:0.000189s ]
INFO: [ template_filter ] --END-- [ RunTime:0.000255s ]
NOTIC: [8] Undefined index: muser /data/home/qxu1141980280/htdocs/Application/Runtime/Cache/Home/4ff1c5b8284f90a50fd957ef30c3e1de.php 第 83 行.
NOTIC: [8] Undefined variable: is_active /data/home/qxu1141980280/htdocs/Application/Runtime/Cache/Home/4ff1c5b8284f90a50fd957ef30c3e1de.php 第 363 行.
INFO: Run Behavior\ParseTemplateBehavior [ RunTime:0.019496s ]
INFO: [ view_parse ] --END-- [ RunTime:0.019544s ]
INFO: [ view_filter ] --START--
INFO: Run Behavior\WriteHtmlCacheBehavior [ RunTime:0.000289s ]
INFO: [ view_filter ] --END-- [ RunTime:0.000329s ]
INFO: [ app_end ] --START--
INFO: Run Behavior\ShowPageTraceBehavior [ RunTime:0.000580s ]
INFO: [ app_end ] --END-- [ RunTime:0.000624s ]

[ 2017-01-04T23:20:20+08:00 ] 61.182.137.6 /
INFO: [ app_init ] --START--
INFO: Run Behavior\BuildLiteBehavior [ RunTime:0.000016s ]
INFO: [ app_init ] --END-- [ RunTime:0.000403s ]
INFO: [ app_begin ] --START--
INFO: Run Behavior\ReadHtmlCacheBehavior [ RunTime:0.000510s ]
INFO: [ app_begin ] --END-- [ RunTime:0.000567s ]
SQL: SHOW COLUMNS FROM `blog_fenlei` [ RunTime:0.0009s ]
SQL: SELECT * FROM `blog_fenlei` WHERE ( fid = 0 ) ORDER BY sort desc  [ RunTime:0.0005s ]
SQL: SELECT * FROM `blog_fenlei` WHERE ( fid != 0 ) ORDER BY sort desc  [ RunTime:0.0005s ]
SQL: SHOW COLUMNS FROM `blog_site` [ RunTime:0.0009s ]
SQL: SELECT * FROM `blog_site` WHERE `id` = 1 LIMIT 1   [ RunTime:0.0005s ]
SQL: SHOW COLUMNS FROM `blog_email_set` [ RunTime:0.0010s ]
SQL: SELECT * FROM `blog_email_set` WHERE `id` = 1 LIMIT 1   [ RunTime:0.0005s ]
SQL: SHOW COLUMNS FROM `blog_friendlink` [ RunTime:0.0007s ]
SQL: SELECT * FROM `blog_friendlink` ORDER BY id desc  [ RunTime:0.0006s ]
SQL: SHOW COLUMNS FROM `blog_article` [ RunTime:0.0009s ]
SQL: SELECT COUNT(*) AS tp_count FROM `blog_article` WHERE ( status = 0 ) LIMIT 1   [ RunTime:0.0006s ]
SQL: SELECT * FROM `blog_article` WHERE ( status = 0 ) ORDER BY istop desc,id desc LIMIT 0,10   [ RunTime:0.0021s ]
SQL: SHOW COLUMNS FROM `blog_user` [ RunTime:0.0007s ]
SQL: SELECT * FROM `blog_user` WHERE ( 1=1 AND id='14' ) LIMIT 1   [ RunTime:0.0005s ]
SQL: SHOW COLUMNS FROM `blog_fenlei` [ RunTime:0.0006s ]
SQL: SELECT * FROM `blog_fenlei` WHERE ( 1=1 AND id='28' ) LIMIT 1   [ RunTime:0.0004s ]
SQL: SELECT * FROM `blog_user` WHERE ( 1=1 AND id='14' ) LIMIT 1   [ RunTime:0.0003s ]
SQL: SELECT * FROM `blog_fenlei` WHERE ( 1=1 AND id='28' ) LIMIT 1   [ RunTime:0.0003s ]
SQL: SELECT * FROM `blog_user` WHERE ( 1=1 AND id='14' ) LIMIT 1   [ RunTime:0.0004s ]
SQL: SELECT * FROM `blog_fenlei` WHERE ( 1=1 AND id='2' ) LIMIT 1   [ RunTime:0.0005s ]
SQL: SELECT * FROM `blog_user` WHERE ( 1=1 AND id='14' ) LIMIT 1   [ RunTime:0.0003s ]
SQL: SELECT * FROM `blog_fenlei` WHERE ( 1=1 AND id='2' ) LIMIT 1   [ RunTime:0.0005s ]
SQL: SELECT * FROM `blog_user` WHERE ( 1=1 AND id='14' ) LIMIT 1   [ RunTime:0.0006s ]
SQL: SELECT * FROM `blog_fenlei` WHERE ( 1=1 AND id='20' ) LIMIT 1   [ RunTime:0.0004s ]
SQL: SELECT * FROM `blog_user` WHERE ( 1=1 AND id='14' ) LIMIT 1   [ RunTime:0.0004s ]
SQL: SELECT * FROM `blog_fenlei` WHERE ( 1=1 AND id='2' ) LIMIT 1   [ RunTime:0.0003s ]
SQL: SELECT * FROM `blog_user` WHERE ( 1=1 AND id='14' ) LIMIT 1   [ RunTime:0.0007s ]
SQL: SELECT * FROM `blog_fenlei` WHERE ( 1=1 AND id='2' ) LIMIT 1   [ RunTime:0.0004s ]
SQL: SELECT * FROM `blog_user` WHERE ( 1=1 AND id='14' ) LIMIT 1   [ RunTime:0.0004s ]
SQL: SELECT * FROM `blog_fenlei` WHERE ( 1=1 AND id='29' ) LIMIT 1   [ RunTime:0.0006s ]
SQL: SELECT * FROM `blog_user` WHERE ( 1=1 AND id='14' ) LIMIT 1   [ RunTime:0.0005s ]
SQL: SELECT * FROM `blog_fenlei` WHERE ( 1=1 AND id='26' ) LIMIT 1   [ RunTime:0.0006s ]
SQL: SELECT * FROM `blog_user` WHERE ( 1=1 AND id='14' ) LIMIT 1   [ RunTime:0.0003s ]
SQL: SELECT * FROM `blog_fenlei` WHERE ( 1=1 AND id='26' ) LIMIT 1   [ RunTime:0.0003s ]
SQL: SHOW COLUMNS FROM `blog_slides` [ RunTime:0.0007s ]
SQL: SELECT * FROM `blog_slides` ORDER BY id desc  [ RunTime:0.0005s ]
INFO: [ view_parse ] --START--
INFO: [ template_filter ] --START--
INFO: Run Behavior\ContentReplaceBehavior [ RunTime:0.000184s ]
INFO: [ template_filter ] --END-- [ RunTime:0.000252s ]
NOTIC: [8] Undefined index: muser /data/home/qxu1141980280/htdocs/Application/Runtime/Cache/Home/4ff1c5b8284f90a50fd957ef30c3e1de.php 第 83 行.
NOTIC: [8] Undefined variable: is_active /data/home/qxu1141980280/htdocs/Application/Runtime/Cache/Home/4ff1c5b8284f90a50fd957ef30c3e1de.php 第 363 行.
INFO: Run Behavior\ParseTemplateBehavior [ RunTime:0.021074s ]
INFO: [ view_parse ] --END-- [ RunTime:0.021122s ]
INFO: [ view_filter ] --START--
INFO: Run Behavior\WriteHtmlCacheBehavior [ RunTime:0.000274s ]
INFO: [ view_filter ] --END-- [ RunTime:0.000315s ]
INFO: [ app_end ] --START--
INFO: Run Behavior\ShowPageTraceBehavior [ RunTime:0.000575s ]
INFO: [ app_end ] --END-- [ RunTime:0.000618s ]

[ 2017-01-04T23:30:20+08:00 ] 117.34.28.13 /
INFO: [ app_init ] --START--
INFO: Run Behavior\BuildLiteBehavior [ RunTime:0.000017s ]
INFO: [ app_init ] --END-- [ RunTime:0.000413s ]
INFO: [ app_begin ] --START--
INFO: Run Behavior\ReadHtmlCacheBehavior [ RunTime:0.000525s ]
INFO: [ app_begin ] --END-- [ RunTime:0.000579s ]
SQL: SHOW COLUMNS FROM `blog_fenlei` [ RunTime:0.0010s ]
SQL: SELECT * FROM `blog_fenlei` WHERE ( fid = 0 ) ORDER BY sort desc  [ RunTime:0.0006s ]
SQL: SELECT * FROM `blog_fenlei` WHERE ( fid != 0 ) ORDER BY sort desc  [ RunTime:0.0005s ]
SQL: SHOW COLUMNS FROM `blog_site` [ RunTime:0.0011s ]
SQL: SELECT * FROM `blog_site` WHERE `id` = 1 LIMIT 1   [ RunTime:0.0005s ]
SQL: SHOW COLUMNS FROM `blog_email_set` [ RunTime:0.0009s ]
SQL: SELECT * FROM `blog_email_set` WHERE `id` = 1 LIMIT 1   [ RunTime:0.0004s ]
SQL: SHOW COLUMNS FROM `blog_friendlink` [ RunTime:0.0008s ]
SQL: SELECT * FROM `blog_friendlink` ORDER BY id desc  [ RunTime:0.0004s ]
SQL: SHOW COLUMNS FROM `blog_article` [ RunTime:0.0009s ]
SQL: SELECT COUNT(*) AS tp_count FROM `blog_article` WHERE ( status = 0 ) LIMIT 1   [ RunTime:0.0004s ]
SQL: SELECT * FROM `blog_article` WHERE ( status = 0 ) ORDER BY istop desc,id desc LIMIT 0,10   [ RunTime:0.0024s ]
SQL: SHOW COLUMNS FROM `blog_user` [ RunTime:0.0008s ]
SQL: SELECT * FROM `blog_user` WHERE ( 1=1 AND id='14' ) LIMIT 1   [ RunTime:0.0004s ]
SQL: SHOW COLUMNS FROM `blog_fenlei` [ RunTime:0.0009s ]
SQL: SELECT * FROM `blog_fenlei` WHERE ( 1=1 AND id='28' ) LIMIT 1   [ RunTime:0.0004s ]
SQL: SELECT * FROM `blog_user` WHERE ( 1=1 AND id='14' ) LIMIT 1   [ RunTime:0.0005s ]
SQL: SELECT * FROM `blog_fenlei` WHERE ( 1=1 AND id='28' ) LIMIT 1   [ RunTime:0.0005s ]
SQL: SELECT * FROM `blog_user` WHERE ( 1=1 AND id='14' ) LIMIT 1   [ RunTime:0.0004s ]
SQL: SELECT * FROM `blog_fenlei` WHERE ( 1=1 AND id='2' ) LIMIT 1   [ RunTime:0.0005s ]
SQL: SELECT * FROM `blog_user` WHERE ( 1=1 AND id='14' ) LIMIT 1   [ RunTime:0.0004s ]
SQL: SELECT * FROM `blog_fenlei` WHERE ( 1=1 AND id='2' ) LIMIT 1   [ RunTime:0.0004s ]
SQL: SELECT * FROM `blog_user` WHERE ( 1=1 AND id='14' ) LIMIT 1   [ RunTime:0.0004s ]
SQL: SELECT * FROM `blog_fenlei` WHERE ( 1=1 AND id='20' ) LIMIT 1   [ RunTime:0.0006s ]
SQL: SELECT * FROM `blog_user` WHERE ( 1=1 AND id='14' ) LIMIT 1   [ RunTime:0.0004s ]
SQL: SELECT * FROM `blog_fenlei` WHERE ( 1=1 AND id='2' ) LIMIT 1   [ RunTime:0.0004s ]
SQL: SELECT * FROM `blog_user` WHERE ( 1=1 AND id='14' ) LIMIT 1   [ RunTime:0.0007s ]
SQL: SELECT * FROM `blog_fenlei` WHERE ( 1=1 AND id='2' ) LIMIT 1   [ RunTime:0.0004s ]
SQL: SELECT * FROM `blog_user` WHERE ( 1=1 AND id='14' ) LIMIT 1   [ RunTime:0.0004s ]
SQL: SELECT * FROM `blog_fenlei` WHERE ( 1=1 AND id='29' ) LIMIT 1   [ RunTime:0.0006s ]
SQL: SELECT * FROM `blog_user` WHERE ( 1=1 AND id='14' ) LIMIT 1   [ RunTime:0.0004s ]
SQL: SELECT * FROM `blog_fenlei` WHERE ( 1=1 AND id='26' ) LIMIT 1   [ RunTime:0.0004s ]
SQL: SELECT * FROM `blog_user` WHERE ( 1=1 AND id='14' ) LIMIT 1   [ RunTime:0.0004s ]
SQL: SELECT * FROM `blog_fenlei` WHERE ( 1=1 AND id='26' ) LIMIT 1   [ RunTime:0.0004s ]
SQL: SHOW COLUMNS FROM `blog_slides` [ RunTime:0.0007s ]
SQL: SELECT * FROM `blog_slides` ORDER BY id desc  [ RunTime:0.0004s ]
INFO: [ view_parse ] --START--
INFO: [ template_filter ] --START--
INFO: Run Behavior\ContentReplaceBehavior [ RunTime:0.000180s ]
INFO: [ template_filter ] --END-- [ RunTime:0.000234s ]
NOTIC: [8] Undefined index: muser /data/home/qxu1141980280/htdocs/Application/Runtime/Cache/Home/4ff1c5b8284f90a50fd957ef30c3e1de.php 第 83 行.
NOTIC: [8] Undefined variable: is_active /data/home/qxu1141980280/htdocs/Application/Runtime/Cache/Home/4ff1c5b8284f90a50fd957ef30c3e1de.php 第 363 行.
INFO: Run Behavior\ParseTemplateBehavior [ RunTime:0.020495s ]
INFO: [ view_parse ] --END-- [ RunTime:0.020544s ]
INFO: [ view_filter ] --START--
INFO: Run Behavior\WriteHtmlCacheBehavior [ RunTime:0.000304s ]
INFO: [ view_filter ] --END-- [ RunTime:0.000344s ]
INFO: [ app_end ] --START--
INFO: Run Behavior\ShowPageTraceBehavior [ RunTime:0.000545s ]
INFO: [ app_end ] --END-- [ RunTime:0.000589s ]

[ 2017-01-04T23:30:20+08:00 ] 61.182.137.6 /
INFO: [ app_init ] --START--
INFO: Run Behavior\BuildLiteBehavior [ RunTime:0.000016s ]
INFO: [ app_init ] --END-- [ RunTime:0.000397s ]
INFO: [ app_begin ] --START--
INFO: Run Behavior\ReadHtmlCacheBehavior [ RunTime:0.000511s ]
INFO: [ app_begin ] --END-- [ RunTime:0.000565s ]
SQL: SHOW COLUMNS FROM `blog_fenlei` [ RunTime:0.0007s ]
SQL: SELECT * FROM `blog_fenlei` WHERE ( fid = 0 ) ORDER BY sort desc  [ RunTime:0.0004s ]
SQL: SELECT * FROM `blog_fenlei` WHERE ( fid != 0 ) ORDER BY sort desc  [ RunTime:0.0005s ]
SQL: SHOW COLUMNS FROM `blog_site` [ RunTime:0.0009s ]
SQL: SELECT * FROM `blog_site` WHERE `id` = 1 LIMIT 1   [ RunTime:0.0004s ]
SQL: SHOW COLUMNS FROM `blog_email_set` [ RunTime:0.0011s ]
SQL: SELECT * FROM `blog_email_set` WHERE `id` = 1 LIMIT 1   [ RunTime:0.0004s ]
SQL: SHOW COLUMNS FROM `blog_friendlink` [ RunTime:0.0007s ]
SQL: SELECT * FROM `blog_friendlink` ORDER BY id desc  [ RunTime:0.0004s ]
SQL: SHOW COLUMNS FROM `blog_article` [ RunTime:0.0008s ]
SQL: SELECT COUNT(*) AS tp_count FROM `blog_article` WHERE ( status = 0 ) LIMIT 1   [ RunTime:0.0004s ]
SQL: SELECT * FROM `blog_article` WHERE ( status = 0 ) ORDER BY istop desc,id desc LIMIT 0,10   [ RunTime:0.0022s ]
SQL: SHOW COLUMNS FROM `blog_user` [ RunTime:0.0007s ]
SQL: SELECT * FROM `blog_user` WHERE ( 1=1 AND id='14' ) LIMIT 1   [ RunTime:0.0004s ]
SQL: SHOW COLUMNS FROM `blog_fenlei` [ RunTime:0.0006s ]
SQL: SELECT * FROM `blog_fenlei` WHERE ( 1=1 AND id='28' ) LIMIT 1   [ RunTime:0.0004s ]
SQL: SELECT * FROM `blog_user` WHERE ( 1=1 AND id='14' ) LIMIT 1   [ RunTime:0.0004s ]
SQL: SELECT * FROM `blog_fenlei` WHERE ( 1=1 AND id='28' ) LIMIT 1   [ RunTime:0.0004s ]
SQL: SELECT * FROM `blog_user` WHERE ( 1=1 AND id='14' ) LIMIT 1   [ RunTime:0.0004s ]
SQL: SELECT * FROM `blog_fenlei` WHERE ( 1=1 AND id='2' ) LIMIT 1   [ RunTime:0.0004s ]
SQL: SELECT * FROM `blog_user` WHERE ( 1=1 AND id='14' ) LIMIT 1   [ RunTime:0.0004s ]
SQL: SELECT * FROM `blog_fenlei` WHERE ( 1=1 AND id='2' ) LIMIT 1   [ RunTime:0.0004s ]
SQL: SELECT * FROM `blog_user` WHERE ( 1=1 AND id='14' ) LIMIT 1   [ RunTime:0.0004s ]
SQL: SELECT * FROM `blog_fenlei` WHERE ( 1=1 AND id='20' ) LIMIT 1   [ RunTime:0.0004s ]
SQL: SELECT * FROM `blog_user` WHERE ( 1=1 AND id='14' ) LIMIT 1   [ RunTime:0.0004s ]
SQL: SELECT * FROM `blog_fenlei` WHERE ( 1=1 AND id='2' ) LIMIT 1   [ RunTime:0.0004s ]
SQL: SELECT * FROM `blog_user` WHERE ( 1=1 AND id='14' ) LIMIT 1   [ RunTime:0.0004s ]
SQL: SELECT * FROM `blog_fenlei` WHERE ( 1=1 AND id='2' ) LIMIT 1   [ RunTime:0.0004s ]
SQL: SELECT * FROM `blog_user` WHERE ( 1=1 AND id='14' ) LIMIT 1   [ RunTime:0.0052s ]
SQL: SELECT * FROM `blog_fenlei` WHERE ( 1=1 AND id='29' ) LIMIT 1   [ RunTime:0.0004s ]
SQL: SELECT * FROM `blog_user` WHERE ( 1=1 AND id='14' ) LIMIT 1   [ RunTime:0.0004s ]
SQL: SELECT * FROM `blog_fenlei` WHERE ( 1=1 AND id='26' ) LIMIT 1   [ RunTime:0.0004s ]
SQL: SELECT * FROM `blog_user` WHERE ( 1=1 AND id='14' ) LIMIT 1   [ RunTime:0.0004s ]
SQL: SELECT * FROM `blog_fenlei` WHERE ( 1=1 AND id='26' ) LIMIT 1   [ RunTime:0.0006s ]
SQL: SHOW COLUMNS FROM `blog_slides` [ RunTime:0.0006s ]
SQL: SELECT * FROM `blog_slides` ORDER BY id desc  [ RunTime:0.0004s ]
INFO: [ view_parse ] --START--
INFO: [ template_filter ] --START--
INFO: Run Behavior\ContentReplaceBehavior [ RunTime:0.000175s ]
INFO: [ template_filter ] --END-- [ RunTime:0.000236s ]
NOTIC: [8] Undefined index: muser /data/home/qxu1141980280/htdocs/Application/Runtime/Cache/Home/4ff1c5b8284f90a50fd957ef30c3e1de.php 第 83 行.
NOTIC: [8] Undefined variable: is_active /data/home/qxu1141980280/htdocs/Application/Runtime/Cache/Home/4ff1c5b8284f90a50fd957ef30c3e1de.php 第 363 行.
INFO: Run Behavior\ParseTemplateBehavior [ RunTime:0.019774s ]
INFO: [ view_parse ] --END-- [ RunTime:0.019831s ]
INFO: [ view_filter ] --START--
INFO: Run Behavior\WriteHtmlCacheBehavior [ RunTime:0.000312s ]
INFO: [ view_filter ] --END-- [ RunTime:0.000359s ]
INFO: [ app_end ] --START--
INFO: Run Behavior\ShowPageTraceBehavior [ RunTime:0.000547s ]
INFO: [ app_end ] --END-- [ RunTime:0.000593s ]

[ 2017-01-04T23:40:20+08:00 ] 61.182.137.6 /
INFO: [ app_init ] --START--
INFO: Run Behavior\BuildLiteBehavior [ RunTime:0.000030s ]
INFO: [ app_init ] --END-- [ RunTime:0.000653s ]
INFO: [ app_begin ] --START--
INFO: Run Behavior\ReadHtmlCacheBehavior [ RunTime:0.000741s ]
INFO: [ app_begin ] --END-- [ RunTime:0.000806s ]
SQL: SHOW COLUMNS FROM `blog_fenlei` [ RunTime:0.0009s ]
SQL: SELECT * FROM `blog_fenlei` WHERE ( fid = 0 ) ORDER BY sort desc  [ RunTime:0.0005s ]
SQL: SELECT * FROM `blog_fenlei` WHERE ( fid != 0 ) ORDER BY sort desc  [ RunTime:0.0005s ]
SQL: SHOW COLUMNS FROM `blog_site` [ RunTime:0.0009s ]
SQL: SELECT * FROM `blog_site` WHERE `id` = 1 LIMIT 1   [ RunTime:0.0005s ]
SQL: SHOW COLUMNS FROM `blog_email_set` [ RunTime:0.0009s ]
SQL: SELECT * FROM `blog_email_set` WHERE `id` = 1 LIMIT 1   [ RunTime:0.0005s ]
SQL: SHOW COLUMNS FROM `blog_friendlink` [ RunTime:0.0007s ]
SQL: SELECT * FROM `blog_friendlink` ORDER BY id desc  [ RunTime:0.0006s ]
SQL: SHOW COLUMNS FROM `blog_article` [ RunTime:0.0009s ]
SQL: SELECT COUNT(*) AS tp_count FROM `blog_article` WHERE ( status = 0 ) LIMIT 1   [ RunTime:0.0011s ]
SQL: SELECT * FROM `blog_article` WHERE ( status = 0 ) ORDER BY istop desc,id desc LIMIT 0,10   [ RunTime:0.0026s ]
SQL: SHOW COLUMNS FROM `blog_user` [ RunTime:0.0017s ]
SQL: SELECT * FROM `blog_user` WHERE ( 1=1 AND id='14' ) LIMIT 1   [ RunTime:0.0005s ]
SQL: SHOW COLUMNS FROM `blog_fenlei` [ RunTime:0.0008s ]
SQL: SELECT * FROM `blog_fenlei` WHERE ( 1=1 AND id='28' ) LIMIT 1   [ RunTime:0.0010s ]
SQL: SELECT * FROM `blog_user` WHERE ( 1=1 AND id='14' ) LIMIT 1   [ RunTime:0.0004s ]
SQL: SELECT * FROM `blog_fenlei` WHERE ( 1=1 AND id='28' ) LIMIT 1   [ RunTime:0.0005s ]
SQL: SELECT * FROM `blog_user` WHERE ( 1=1 AND id='14' ) LIMIT 1   [ RunTime:0.0005s ]
SQL: SELECT * FROM `blog_fenlei` WHERE ( 1=1 AND id='2' ) LIMIT 1   [ RunTime:0.0012s ]
SQL: SELECT * FROM `blog_user` WHERE ( 1=1 AND id='14' ) LIMIT 1   [ RunTime:0.0008s ]
SQL: SELECT * FROM `blog_fenlei` WHERE ( 1=1 AND id='2' ) LIMIT 1   [ RunTime:0.0008s ]
SQL: SELECT * FROM `blog_user` WHERE ( 1=1 AND id='14' ) LIMIT 1   [ RunTime:0.0007s ]
SQL: SELECT * FROM `blog_fenlei` WHERE ( 1=1 AND id='20' ) LIMIT 1   [ RunTime:0.0005s ]
SQL: SELECT * FROM `blog_user` WHERE ( 1=1 AND id='14' ) LIMIT 1   [ RunTime:0.0005s ]
SQL: SELECT * FROM `blog_fenlei` WHERE ( 1=1 AND id='2' ) LIMIT 1   [ RunTime:0.0004s ]
SQL: SELECT * FROM `blog_user` WHERE ( 1=1 AND id='14' ) LIMIT 1   [ RunTime:0.0004s ]
SQL: SELECT * FROM `blog_fenlei` WHERE ( 1=1 AND id='2' ) LIMIT 1   [ RunTime:0.0004s ]
SQL: SELECT * FROM `blog_user` WHERE ( 1=1 AND id='14' ) LIMIT 1   [ RunTime:0.0005s ]
SQL: SELECT * FROM `blog_fenlei` WHERE ( 1=1 AND id='29' ) LIMIT 1   [ RunTime:0.0006s ]
SQL: SELECT * FROM `blog_user` WHERE ( 1=1 AND id='14' ) LIMIT 1   [ RunTime:0.0004s ]
SQL: SELECT * FROM `blog_fenlei` WHERE ( 1=1 AND id='26' ) LIMIT 1   [ RunTime:0.0005s ]
SQL: SELECT * FROM `blog_user` WHERE ( 1=1 AND id='14' ) LIMIT 1   [ RunTime:0.0004s ]
SQL: SELECT * FROM `blog_fenlei` WHERE ( 1=1 AND id='26' ) LIMIT 1   [ RunTime:0.0004s ]
SQL: SHOW COLUMNS FROM `blog_slides` [ RunTime:0.0007s ]
SQL: SELECT * FROM `blog_slides` ORDER BY id desc  [ RunTime:0.0005s ]
INFO: [ view_parse ] --START--
INFO: [ template_filter ] --START--
INFO: Run Behavior\ContentReplaceBehavior [ RunTime:0.000176s ]
INFO: [ template_filter ] --END-- [ RunTime:0.000234s ]
NOTIC: [8] Undefined index: muser /data/home/qxu1141980280/htdocs/Application/Runtime/Cache/Home/4ff1c5b8284f90a50fd957ef30c3e1de.php 第 83 行.
NOTIC: [8] Undefined variable: is_active /data/home/qxu1141980280/htdocs/Application/Runtime/Cache/Home/4ff1c5b8284f90a50fd957ef30c3e1de.php 第 363 行.
INFO: Run Behavior\ParseTemplateBehavior [ RunTime:0.020000s ]
INFO: [ view_parse ] --END-- [ RunTime:0.020088s ]
INFO: [ view_filter ] --START--
INFO: Run Behavior\WriteHtmlCacheBehavior [ RunTime:0.000518s ]
INFO: [ view_filter ] --END-- [ RunTime:0.000583s ]
INFO: [ app_end ] --START--
INFO: Run Behavior\ShowPageTraceBehavior [ RunTime:0.000712s ]
INFO: [ app_end ] --END-- [ RunTime:0.000760s ]

[ 2017-01-04T23:40:20+08:00 ] 117.34.28.13 /
INFO: [ app_init ] --START--
INFO: Run Behavior\BuildLiteBehavior [ RunTime:0.000018s ]
INFO: [ app_init ] --END-- [ RunTime:0.000418s ]
INFO: [ app_begin ] --START--
INFO: Run Behavior\ReadHtmlCacheBehavior [ RunTime:0.000543s ]
INFO: [ app_begin ] --END-- [ RunTime:0.000599s ]
SQL: SHOW COLUMNS FROM `blog_fenlei` [ RunTime:0.0007s ]
SQL: SELECT * FROM `blog_fenlei` WHERE ( fid = 0 ) ORDER BY sort desc  [ RunTime:0.0007s ]
SQL: SELECT * FROM `blog_fenlei` WHERE ( fid != 0 ) ORDER BY sort desc  [ RunTime:0.0004s ]
SQL: SHOW COLUMNS FROM `blog_site` [ RunTime:0.0010s ]
SQL: SELECT * FROM `blog_site` WHERE `id` = 1 LIMIT 1   [ RunTime:0.0021s ]
SQL: SHOW COLUMNS FROM `blog_email_set` [ RunTime:0.0012s ]
SQL: SELECT * FROM `blog_email_set` WHERE `id` = 1 LIMIT 1   [ RunTime:0.0022s ]
SQL: SHOW COLUMNS FROM `blog_friendlink` [ RunTime:0.0007s ]
SQL: SELECT * FROM `blog_friendlink` ORDER BY id desc  [ RunTime:0.0012s ]
SQL: SHOW COLUMNS FROM `blog_article` [ RunTime:0.0008s ]
SQL: SELECT COUNT(*) AS tp_count FROM `blog_article` WHERE ( status = 0 ) LIMIT 1   [ RunTime:0.0007s ]
SQL: SELECT * FROM `blog_article` WHERE ( status = 0 ) ORDER BY istop desc,id desc LIMIT 0,10   [ RunTime:0.0024s ]
SQL: SHOW COLUMNS FROM `blog_user` [ RunTime:0.0007s ]
SQL: SELECT * FROM `blog_user` WHERE ( 1=1 AND id='14' ) LIMIT 1   [ RunTime:0.0004s ]
SQL: SHOW COLUMNS FROM `blog_fenlei` [ RunTime:0.0007s ]
SQL: SELECT * FROM `blog_fenlei` WHERE ( 1=1 AND id='28' ) LIMIT 1   [ RunTime:0.0004s ]
SQL: SELECT * FROM `blog_user` WHERE ( 1=1 AND id='14' ) LIMIT 1   [ RunTime:0.0004s ]
SQL: SELECT * FROM `blog_fenlei` WHERE ( 1=1 AND id='28' ) LIMIT 1   [ RunTime:0.0004s ]
SQL: SELECT * FROM `blog_user` WHERE ( 1=1 AND id='14' ) LIMIT 1   [ RunTime:0.0004s ]
SQL: SELECT * FROM `blog_fenlei` WHERE ( 1=1 AND id='2' ) LIMIT 1   [ RunTime:0.0004s ]
SQL: SELECT * FROM `blog_user` WHERE ( 1=1 AND id='14' ) LIMIT 1   [ RunTime:0.0005s ]
SQL: SELECT * FROM `blog_fenlei` WHERE ( 1=1 AND id='2' ) LIMIT 1   [ RunTime:0.0004s ]
SQL: SELECT * FROM `blog_user` WHERE ( 1=1 AND id='14' ) LIMIT 1   [ RunTime:0.0005s ]
SQL: SELECT * FROM `blog_fenlei` WHERE ( 1=1 AND id='20' ) LIMIT 1   [ RunTime:0.0004s ]
SQL: SELECT * FROM `blog_user` WHERE ( 1=1 AND id='14' ) LIMIT 1   [ RunTime:0.0005s ]
SQL: SELECT * FROM `blog_fenlei` WHERE ( 1=1 AND id='2' ) LIMIT 1   [ RunTime:0.0005s ]
SQL: SELECT * FROM `blog_user` WHERE ( 1=1 AND id='14' ) LIMIT 1   [ RunTime:0.0006s ]
SQL: SELECT * FROM `blog_fenlei` WHERE ( 1=1 AND id='2' ) LIMIT 1   [ RunTime:0.0005s ]
SQL: SELECT * FROM `blog_user` WHERE ( 1=1 AND id='14' ) LIMIT 1   [ RunTime:0.0034s ]
SQL: SELECT * FROM `blog_fenlei` WHERE ( 1=1 AND id='29' ) LIMIT 1   [ RunTime:0.0013s ]
SQL: SELECT * FROM `blog_user` WHERE ( 1=1 AND id='14' ) LIMIT 1   [ RunTime:0.0005s ]
SQL: SELECT * FROM `blog_fenlei` WHERE ( 1=1 AND id='26' ) LIMIT 1   [ RunTime:0.0004s ]
SQL: SELECT * FROM `blog_user` WHERE ( 1=1 AND id='14' ) LIMIT 1   [ RunTime:0.0004s ]
SQL: SELECT * FROM `blog_fenlei` WHERE ( 1=1 AND id='26' ) LIMIT 1   [ RunTime:0.0004s ]
SQL: SHOW COLUMNS FROM `blog_slides` [ RunTime:0.0007s ]
SQL: SELECT * FROM `blog_slides` ORDER BY id desc  [ RunTime:0.0005s ]
INFO: [ view_parse ] --START--
INFO: [ template_filter ] --START--
INFO: Run Behavior\ContentReplaceBehavior [ RunTime:0.000184s ]
INFO: [ template_filter ] --END-- [ RunTime:0.000248s ]
NOTIC: [8] Undefined index: muser /data/home/qxu1141980280/htdocs/Application/Runtime/Cache/Home/4ff1c5b8284f90a50fd957ef30c3e1de.php 第 83 行.
NOTIC: [8] Undefined variable: is_active /data/home/qxu1141980280/htdocs/Application/Runtime/Cache/Home/4ff1c5b8284f90a50fd957ef30c3e1de.php 第 363 行.
INFO: Run Behavior\ParseTemplateBehavior [ RunTime:0.032101s ]
INFO: [ view_parse ] --END-- [ RunTime:0.032157s ]
INFO: [ view_filter ] --START--
INFO: Run Behavior\WriteHtmlCacheBehavior [ RunTime:0.000283s ]
INFO: [ view_filter ] --END-- [ RunTime:0.000326s ]
INFO: [ app_end ] --START--
INFO: Run Behavior\ShowPageTraceBehavior [ RunTime:0.000554s ]
INFO: [ app_end ] --END-- [ RunTime:0.000607s ]

[ 2017-01-04T23:40:20+08:00 ] 124.95.168.140 /
INFO: [ app_init ] --START--
INFO: Run Behavior\BuildLiteBehavior [ RunTime:0.000040s ]
INFO: [ app_init ] --END-- [ RunTime:0.000628s ]
INFO: [ app_begin ] --START--
INFO: Run Behavior\ReadHtmlCacheBehavior [ RunTime:0.000585s ]
INFO: [ app_begin ] --END-- [ RunTime:0.000640s ]
SQL: SHOW COLUMNS FROM `blog_fenlei` [ RunTime:0.0007s ]
SQL: SELECT * FROM `blog_fenlei` WHERE ( fid = 0 ) ORDER BY sort desc  [ RunTime:0.0006s ]
SQL: SELECT * FROM `blog_fenlei` WHERE ( fid != 0 ) ORDER BY sort desc  [ RunTime:0.0009s ]
SQL: SHOW COLUMNS FROM `blog_site` [ RunTime:0.0008s ]
SQL: SELECT * FROM `blog_site` WHERE `id` = 1 LIMIT 1   [ RunTime:0.0005s ]
SQL: SHOW COLUMNS FROM `blog_email_set` [ RunTime:0.0008s ]
SQL: SELECT * FROM `blog_email_set` WHERE `id` = 1 LIMIT 1   [ RunTime:0.0004s ]
SQL: SHOW COLUMNS FROM `blog_friendlink` [ RunTime:0.0006s ]
SQL: SELECT * FROM `blog_friendlink` ORDER BY id desc  [ RunTime:0.0004s ]
SQL: SHOW COLUMNS FROM `blog_article` [ RunTime:0.0011s ]
SQL: SELECT COUNT(*) AS tp_count FROM `blog_article` WHERE ( status = 0 ) LIMIT 1   [ RunTime:0.0004s ]
SQL: SELECT * FROM `blog_article` WHERE ( status = 0 ) ORDER BY istop desc,id desc LIMIT 0,10   [ RunTime:0.0021s ]
SQL: SHOW COLUMNS FROM `blog_user` [ RunTime:0.0007s ]
SQL: SELECT * FROM `blog_user` WHERE ( 1=1 AND id='14' ) LIMIT 1   [ RunTime:0.0004s ]
SQL: SHOW COLUMNS FROM `blog_fenlei` [ RunTime:0.0008s ]
SQL: SELECT * FROM `blog_fenlei` WHERE ( 1=1 AND id='28' ) LIMIT 1   [ RunTime:0.0004s ]
SQL: SELECT * FROM `blog_user` WHERE ( 1=1 AND id='14' ) LIMIT 1   [ RunTime:0.0005s ]
SQL: SELECT * FROM `blog_fenlei` WHERE ( 1=1 AND id='28' ) LIMIT 1   [ RunTime:0.0004s ]
SQL: SELECT * FROM `blog_user` WHERE ( 1=1 AND id='14' ) LIMIT 1   [ RunTime:0.0004s ]
SQL: SELECT * FROM `blog_fenlei` WHERE ( 1=1 AND id='2' ) LIMIT 1   [ RunTime:0.0004s ]
SQL: SELECT * FROM `blog_user` WHERE ( 1=1 AND id='14' ) LIMIT 1   [ RunTime:0.0004s ]
SQL: SELECT * FROM `blog_fenlei` WHERE ( 1=1 AND id='2' ) LIMIT 1   [ RunTime:0.0004s ]
SQL: SELECT * FROM `blog_user` WHERE ( 1=1 AND id='14' ) LIMIT 1   [ RunTime:0.0004s ]
SQL: SELECT * FROM `blog_fenlei` WHERE ( 1=1 AND id='20' ) LIMIT 1   [ RunTime:0.0004s ]
SQL: SELECT * FROM `blog_user` WHERE ( 1=1 AND id='14' ) LIMIT 1   [ RunTime:0.0007s ]
SQL: SELECT * FROM `blog_fenlei` WHERE ( 1=1 AND id='2' ) LIMIT 1   [ RunTime:0.0004s ]
SQL: SELECT * FROM `blog_user` WHERE ( 1=1 AND id='14' ) LIMIT 1   [ RunTime:0.0004s ]
SQL: SELECT * FROM `blog_fenlei` WHERE ( 1=1 AND id='2' ) LIMIT 1   [ RunTime:0.0004s ]
SQL: SELECT * FROM `blog_user` WHERE ( 1=1 AND id='14' ) LIMIT 1   [ RunTime:0.0004s ]
SQL: SELECT * FROM `blog_fenlei` WHERE ( 1=1 AND id='29' ) LIMIT 1   [ RunTime:0.0004s ]
SQL: SELECT * FROM `blog_user` WHERE ( 1=1 AND id='14' ) LIMIT 1   [ RunTime:0.0004s ]
SQL: SELECT * FROM `blog_fenlei` WHERE ( 1=1 AND id='26' ) LIMIT 1   [ RunTime:0.0004s ]
SQL: SELECT * FROM `blog_user` WHERE ( 1=1 AND id='14' ) LIMIT 1   [ RunTime:0.0004s ]
SQL: SELECT * FROM `blog_fenlei` WHERE ( 1=1 AND id='26' ) LIMIT 1   [ RunTime:0.0004s ]
SQL: SHOW COLUMNS FROM `blog_slides` [ RunTime:0.0007s ]
SQL: SELECT * FROM `blog_slides` ORDER BY id desc  [ RunTime:0.0005s ]
INFO: [ view_parse ] --START--
INFO: [ template_filter ] --START--
INFO: Run Behavior\ContentReplaceBehavior [ RunTime:0.000178s ]
INFO: [ template_filter ] --END-- [ RunTime:0.000239s ]
NOTIC: [8] Undefined index: muser /data/home/qxu1141980280/htdocs/Application/Runtime/Cache/Home/4ff1c5b8284f90a50fd957ef30c3e1de.php 第 83 行.
NOTIC: [8] Undefined variable: is_active /data/home/qxu1141980280/htdocs/Application/Runtime/Cache/Home/4ff1c5b8284f90a50fd957ef30c3e1de.php 第 363 行.
INFO: Run Behavior\ParseTemplateBehavior [ RunTime:0.020070s ]
INFO: [ view_parse ] --END-- [ RunTime:0.020120s ]
INFO: [ view_filter ] --START--
INFO: Run Behavior\WriteHtmlCacheBehavior [ RunTime:0.000375s ]
INFO: [ view_filter ] --END-- [ RunTime:0.000421s ]
INFO: [ app_end ] --START--
INFO: Run Behavior\ShowPageTraceBehavior [ RunTime:0.000647s ]
INFO: [ app_end ] --END-- [ RunTime:0.000697s ]

[ 2017-01-04T23:50:20+08:00 ] 61.182.137.6 /
INFO: [ app_init ] --START--
INFO: Run Behavior\BuildLiteBehavior [ RunTime:0.000024s ]
INFO: [ app_init ] --END-- [ RunTime:0.000596s ]
INFO: [ app_begin ] --START--
INFO: Run Behavior\ReadHtmlCacheBehavior [ RunTime:0.000953s ]
INFO: [ app_begin ] --END-- [ RunTime:0.001039s ]
SQL: SHOW COLUMNS FROM `blog_fenlei` [ RunTime:0.0010s ]
SQL: SELECT * FROM `blog_fenlei` WHERE ( fid = 0 ) ORDER BY sort desc  [ RunTime:0.0006s ]
SQL: SELECT * FROM `blog_fenlei` WHERE ( fid != 0 ) ORDER BY sort desc  [ RunTime:0.0005s ]
SQL: SHOW COLUMNS FROM `blog_site` [ RunTime:0.0008s ]
SQL: SELECT * FROM `blog_site` WHERE `id` = 1 LIMIT 1   [ RunTime:0.0005s ]
SQL: SHOW COLUMNS FROM `blog_email_set` [ RunTime:0.0008s ]
SQL: SELECT * FROM `blog_email_set` WHERE `id` = 1 LIMIT 1   [ RunTime:0.0005s ]
SQL: SHOW COLUMNS FROM `blog_friendlink` [ RunTime:0.0007s ]
SQL: SELECT * FROM `blog_friendlink` ORDER BY id desc  [ RunTime:0.0004s ]
SQL: SHOW COLUMNS FROM `blog_article` [ RunTime:0.0009s ]
SQL: SELECT COUNT(*) AS tp_count FROM `blog_article` WHERE ( status = 0 ) LIMIT 1   [ RunTime:0.0005s ]
SQL: SELECT * FROM `blog_article` WHERE ( status = 0 ) ORDER BY istop desc,id desc LIMIT 0,10   [ RunTime:0.0025s ]
SQL: SHOW COLUMNS FROM `blog_user` [ RunTime:0.0008s ]
SQL: SELECT * FROM `blog_user` WHERE ( 1=1 AND id='14' ) LIMIT 1   [ RunTime:0.0005s ]
SQL: SHOW COLUMNS FROM `blog_fenlei` [ RunTime:0.0006s ]
SQL: SELECT * FROM `blog_fenlei` WHERE ( 1=1 AND id='28' ) LIMIT 1   [ RunTime:0.0004s ]
SQL: SELECT * FROM `blog_user` WHERE ( 1=1 AND id='14' ) LIMIT 1   [ RunTime:0.0004s ]
SQL: SELECT * FROM `blog_fenlei` WHERE ( 1=1 AND id='28' ) LIMIT 1   [ RunTime:0.0003s ]
SQL: SELECT * FROM `blog_user` WHERE ( 1=1 AND id='14' ) LIMIT 1   [ RunTime:0.0003s ]
SQL: SELECT * FROM `blog_fenlei` WHERE ( 1=1 AND id='2' ) LIMIT 1   [ RunTime:0.0005s ]
SQL: SELECT * FROM `blog_user` WHERE ( 1=1 AND id='14' ) LIMIT 1   [ RunTime:0.0004s ]
SQL: SELECT * FROM `blog_fenlei` WHERE ( 1=1 AND id='2' ) LIMIT 1   [ RunTime:0.0011s ]
SQL: SELECT * FROM `blog_user` WHERE ( 1=1 AND id='14' ) LIMIT 1   [ RunTime:0.0004s ]
SQL: SELECT * FROM `blog_fenlei` WHERE ( 1=1 AND id='20' ) LIMIT 1   [ RunTime:0.0005s ]
SQL: SELECT * FROM `blog_user` WHERE ( 1=1 AND id='14' ) LIMIT 1   [ RunTime:0.0009s ]
SQL: SELECT * FROM `blog_fenlei` WHERE ( 1=1 AND id='2' ) LIMIT 1   [ RunTime:0.0004s ]
SQL: SELECT * FROM `blog_user` WHERE ( 1=1 AND id='14' ) LIMIT 1   [ RunTime:0.0007s ]
SQL: SELECT * FROM `blog_fenlei` WHERE ( 1=1 AND id='2' ) LIMIT 1   [ RunTime:0.0004s ]
SQL: SELECT * FROM `blog_user` WHERE ( 1=1 AND id='14' ) LIMIT 1   [ RunTime:0.0004s ]
SQL: SELECT * FROM `blog_fenlei` WHERE ( 1=1 AND id='29' ) LIMIT 1   [ RunTime:0.0006s ]
SQL: SELECT * FROM `blog_user` WHERE ( 1=1 AND id='14' ) LIMIT 1   [ RunTime:0.0004s ]
SQL: SELECT * FROM `blog_fenlei` WHERE ( 1=1 AND id='26' ) LIMIT 1   [ RunTime:0.0004s ]
SQL: SELECT * FROM `blog_user` WHERE ( 1=1 AND id='14' ) LIMIT 1   [ RunTime:0.0007s ]
SQL: SELECT * FROM `blog_fenlei` WHERE ( 1=1 AND id='26' ) LIMIT 1   [ RunTime:0.0005s ]
SQL: SHOW COLUMNS FROM `blog_slides` [ RunTime:0.0012s ]
SQL: SELECT * FROM `blog_slides` ORDER BY id desc  [ RunTime:0.0014s ]
INFO: [ view_parse ] --START--
INFO: [ template_filter ] --START--
INFO: Run Behavior\ContentReplaceBehavior [ RunTime:0.000181s ]
INFO: [ template_filter ] --END-- [ RunTime:0.000235s ]
NOTIC: [8] Undefined index: muser /data/home/qxu1141980280/htdocs/Application/Runtime/Cache/Home/4ff1c5b8284f90a50fd957ef30c3e1de.php 第 83 行.
NOTIC: [8] Undefined variable: is_active /data/home/qxu1141980280/htdocs/Application/Runtime/Cache/Home/4ff1c5b8284f90a50fd957ef30c3e1de.php 第 363 行.
INFO: Run Behavior\ParseTemplateBehavior [ RunTime:0.020708s ]
INFO: [ view_parse ] --END-- [ RunTime:0.020768s ]
INFO: [ view_filter ] --START--
INFO: Run Behavior\WriteHtmlCacheBehavior [ RunTime:0.000302s ]
INFO: [ view_filter ] --END-- [ RunTime:0.000343s ]
INFO: [ app_end ] --START--
INFO: Run Behavior\ShowPageTraceBehavior [ RunTime:0.000574s ]
INFO: [ app_end ] --END-- [ RunTime:0.000617s ]

[ 2017-01-04T23:50:20+08:00 ] 117.34.28.13 /
INFO: [ app_init ] --START--
INFO: Run Behavior\BuildLiteBehavior [ RunTime:0.000015s ]
INFO: [ app_init ] --END-- [ RunTime:0.000398s ]
INFO: [ app_begin ] --START--
INFO: Run Behavior\ReadHtmlCacheBehavior [ RunTime:0.000559s ]
INFO: [ app_begin ] --END-- [ RunTime:0.000614s ]
SQL: SHOW COLUMNS FROM `blog_fenlei` [ RunTime:0.0007s ]
SQL: SELECT * FROM `blog_fenlei` WHERE ( fid = 0 ) ORDER BY sort desc  [ RunTime:0.0004s ]
SQL: SELECT * FROM `blog_fenlei` WHERE ( fid != 0 ) ORDER BY sort desc  [ RunTime:0.0004s ]
SQL: SHOW COLUMNS FROM `blog_site` [ RunTime:0.0011s ]
SQL: SELECT * FROM `blog_site` WHERE `id` = 1 LIMIT 1   [ RunTime:0.0004s ]
SQL: SHOW COLUMNS FROM `blog_email_set` [ RunTime:0.0007s ]
SQL: SELECT * FROM `blog_email_set` WHERE `id` = 1 LIMIT 1   [ RunTime:0.0005s ]
SQL: SHOW COLUMNS FROM `blog_friendlink` [ RunTime:0.0012s ]
SQL: SELECT * FROM `blog_friendlink` ORDER BY id desc  [ RunTime:0.0005s ]
SQL: SHOW COLUMNS FROM `blog_article` [ RunTime:0.0007s ]
SQL: SELECT COUNT(*) AS tp_count FROM `blog_article` WHERE ( status = 0 ) LIMIT 1   [ RunTime:0.0003s ]
SQL: SELECT * FROM `blog_article` WHERE ( status = 0 ) ORDER BY istop desc,id desc LIMIT 0,10   [ RunTime:0.0021s ]
SQL: SHOW COLUMNS FROM `blog_user` [ RunTime:0.0008s ]
SQL: SELECT * FROM `blog_user` WHERE ( 1=1 AND id='14' ) LIMIT 1   [ RunTime:0.0006s ]
SQL: SHOW COLUMNS FROM `blog_fenlei` [ RunTime:0.0007s ]
SQL: SELECT * FROM `blog_fenlei` WHERE ( 1=1 AND id='28' ) LIMIT 1   [ RunTime:0.0004s ]
SQL: SELECT * FROM `blog_user` WHERE ( 1=1 AND id='14' ) LIMIT 1   [ RunTime:0.0004s ]
SQL: SELECT * FROM `blog_fenlei` WHERE ( 1=1 AND id='28' ) LIMIT 1   [ RunTime:0.0003s ]
SQL: SELECT * FROM `blog_user` WHERE ( 1=1 AND id='14' ) LIMIT 1   [ RunTime:0.0004s ]
SQL: SELECT * FROM `blog_fenlei` WHERE ( 1=1 AND id='2' ) LIMIT 1   [ RunTime:0.0004s ]
SQL: SELECT * FROM `blog_user` WHERE ( 1=1 AND id='14' ) LIMIT 1   [ RunTime:0.0003s ]
SQL: SELECT * FROM `blog_fenlei` WHERE ( 1=1 AND id='2' ) LIMIT 1   [ RunTime:0.0003s ]
SQL: SELECT * FROM `blog_user` WHERE ( 1=1 AND id='14' ) LIMIT 1   [ RunTime:0.0003s ]
SQL: SELECT * FROM `blog_fenlei` WHERE ( 1=1 AND id='20' ) LIMIT 1   [ RunTime:0.0003s ]
SQL: SELECT * FROM `blog_user` WHERE ( 1=1 AND id='14' ) LIMIT 1   [ RunTime:0.0004s ]
SQL: SELECT * FROM `blog_fenlei` WHERE ( 1=1 AND id='2' ) LIMIT 1   [ RunTime:0.0005s ]
SQL: SELECT * FROM `blog_user` WHERE ( 1=1 AND id='14' ) LIMIT 1   [ RunTime:0.0004s ]
SQL: SELECT * FROM `blog_fenlei` WHERE ( 1=1 AND id='2' ) LIMIT 1   [ RunTime:0.0004s ]
SQL: SELECT * FROM `blog_user` WHERE ( 1=1 AND id='14' ) LIMIT 1   [ RunTime:0.0004s ]
SQL: SELECT * FROM `blog_fenlei` WHERE ( 1=1 AND id='29' ) LIMIT 1   [ RunTime:0.0004s ]
SQL: SELECT * FROM `blog_user` WHERE ( 1=1 AND id='14' ) LIMIT 1   [ RunTime:0.0004s ]
SQL: SELECT * FROM `blog_fenlei` WHERE ( 1=1 AND id='26' ) LIMIT 1   [ RunTime:0.0003s ]
SQL: SELECT * FROM `blog_user` WHERE ( 1=1 AND id='14' ) LIMIT 1   [ RunTime:0.0004s ]
SQL: SELECT * FROM `blog_fenlei` WHERE ( 1=1 AND id='26' ) LIMIT 1   [ RunTime:0.0003s ]
SQL: SHOW COLUMNS FROM `blog_slides` [ RunTime:0.0006s ]
SQL: SELECT * FROM `blog_slides` ORDER BY id desc  [ RunTime:0.0004s ]
INFO: [ view_parse ] --START--
INFO: [ template_filter ] --START--
INFO: Run Behavior\ContentReplaceBehavior [ RunTime:0.000197s ]
INFO: [ template_filter ] --END-- [ RunTime:0.000264s ]
NOTIC: [8] Undefined index: muser /data/home/qxu1141980280/htdocs/Application/Runtime/Cache/Home/4ff1c5b8284f90a50fd957ef30c3e1de.php 第 83 行.
NOTIC: [8] Undefined variable: is_active /data/home/qxu1141980280/htdocs/Application/Runtime/Cache/Home/4ff1c5b8284f90a50fd957ef30c3e1de.php 第 363 行.
INFO: Run Behavior\ParseTemplateBehavior [ RunTime:0.034845s ]
INFO: [ view_parse ] --END-- [ RunTime:0.034904s ]
INFO: [ view_filter ] --START--
INFO: Run Behavior\WriteHtmlCacheBehavior [ RunTime:0.000310s ]
INFO: [ view_filter ] --END-- [ RunTime:0.000353s ]
INFO: [ app_end ] --START--
INFO: Run Behavior\ShowPageTraceBehavior [ RunTime:0.000771s ]
INFO: [ app_end ] --END-- [ RunTime:0.000843s ]

[ 2017-01-04T23:50:20+08:00 ] 124.95.168.140 /
INFO: [ app_init ] --START--
INFO: Run Behavior\BuildLiteBehavior [ RunTime:0.000018s ]
INFO: [ app_init ] --END-- [ RunTime:0.000419s ]
INFO: [ app_begin ] --START--
INFO: Run Behavior\ReadHtmlCacheBehavior [ RunTime:0.000514s ]
INFO: [ app_begin ] --END-- [ RunTime:0.000566s ]
SQL: SHOW COLUMNS FROM `blog_fenlei` [ RunTime:0.0007s ]
SQL: SELECT * FROM `blog_fenlei` WHERE ( fid = 0 ) ORDER BY sort desc  [ RunTime:0.0003s ]
SQL: SELECT * FROM `blog_fenlei` WHERE ( fid != 0 ) ORDER BY sort desc  [ RunTime:0.0004s ]
SQL: SHOW COLUMNS FROM `blog_site` [ RunTime:0.0008s ]
SQL: SELECT * FROM `blog_site` WHERE `id` = 1 LIMIT 1   [ RunTime:0.0005s ]
SQL: SHOW COLUMNS FROM `blog_email_set` [ RunTime:0.0007s ]
SQL: SELECT * FROM `blog_email_set` WHERE `id` = 1 LIMIT 1   [ RunTime:0.0012s ]
SQL: SHOW COLUMNS FROM `blog_friendlink` [ RunTime:0.0006s ]
SQL: SELECT * FROM `blog_friendlink` ORDER BY id desc  [ RunTime:0.0004s ]
SQL: SHOW COLUMNS FROM `blog_article` [ RunTime:0.0010s ]
SQL: SELECT COUNT(*) AS tp_count FROM `blog_article` WHERE ( status = 0 ) LIMIT 1   [ RunTime:0.0006s ]
SQL: SELECT * FROM `blog_article` WHERE ( status = 0 ) ORDER BY istop desc,id desc LIMIT 0,10   [ RunTime:0.0050s ]
SQL: SHOW COLUMNS FROM `blog_user` [ RunTime:0.0007s ]
SQL: SELECT * FROM `blog_user` WHERE ( 1=1 AND id='14' ) LIMIT 1   [ RunTime:0.0004s ]
SQL: SHOW COLUMNS FROM `blog_fenlei` [ RunTime:0.0006s ]
SQL: SELECT * FROM `blog_fenlei` WHERE ( 1=1 AND id='28' ) LIMIT 1   [ RunTime:0.0003s ]
SQL: SELECT * FROM `blog_user` WHERE ( 1=1 AND id='14' ) LIMIT 1   [ RunTime:0.0004s ]
SQL: SELECT * FROM `blog_fenlei` WHERE ( 1=1 AND id='28' ) LIMIT 1   [ RunTime:0.0005s ]
SQL: SELECT * FROM `blog_user` WHERE ( 1=1 AND id='14' ) LIMIT 1   [ RunTime:0.0004s ]
SQL: SELECT * FROM `blog_fenlei` WHERE ( 1=1 AND id='2' ) LIMIT 1   [ RunTime:0.0003s ]
SQL: SELECT * FROM `blog_user` WHERE ( 1=1 AND id='14' ) LIMIT 1   [ RunTime:0.0004s ]
SQL: SELECT * FROM `blog_fenlei` WHERE ( 1=1 AND id='2' ) LIMIT 1   [ RunTime:0.0003s ]
SQL: SELECT * FROM `blog_user` WHERE ( 1=1 AND id='14' ) LIMIT 1   [ RunTime:0.0004s ]
SQL: SELECT * FROM `blog_fenlei` WHERE ( 1=1 AND id='20' ) LIMIT 1   [ RunTime:0.0003s ]
SQL: SELECT * FROM `blog_user` WHERE ( 1=1 AND id='14' ) LIMIT 1   [ RunTime:0.0004s ]
SQL: SELECT * FROM `blog_fenlei` WHERE ( 1=1 AND id='2' ) LIMIT 1   [ RunTime:0.0003s ]
SQL: SELECT * FROM `blog_user` WHERE ( 1=1 AND id='14' ) LIMIT 1   [ RunTime:0.0004s ]
SQL: SELECT * FROM `blog_fenlei` WHERE ( 1=1 AND id='2' ) LIMIT 1   [ RunTime:0.0004s ]
SQL: SELECT * FROM `blog_user` WHERE ( 1=1 AND id='14' ) LIMIT 1   [ RunTime:0.0004s ]
SQL: SELECT * FROM `blog_fenlei` WHERE ( 1=1 AND id='29' ) LIMIT 1   [ RunTime:0.0004s ]
SQL: SELECT * FROM `blog_user` WHERE ( 1=1 AND id='14' ) LIMIT 1   [ RunTime:0.0004s ]
SQL: SELECT * FROM `blog_fenlei` WHERE ( 1=1 AND id='26' ) LIMIT 1   [ RunTime:0.0004s ]
SQL: SELECT * FROM `blog_user` WHERE ( 1=1 AND id='14' ) LIMIT 1   [ RunTime:0.0004s ]
SQL: SELECT * FROM `blog_fenlei` WHERE ( 1=1 AND id='26' ) LIMIT 1   [ RunTime:0.0003s ]
SQL: SHOW COLUMNS FROM `blog_slides` [ RunTime:0.0006s ]
SQL: SELECT * FROM `blog_slides` ORDER BY id desc  [ RunTime:0.0004s ]
INFO: [ view_parse ] --START--
INFO: [ template_filter ] --START--
INFO: Run Behavior\ContentReplaceBehavior [ RunTime:0.000187s ]
INFO: [ template_filter ] --END-- [ RunTime:0.000247s ]
NOTIC: [8] Undefined index: muser /data/home/qxu1141980280/htdocs/Application/Runtime/Cache/Home/4ff1c5b8284f90a50fd957ef30c3e1de.php 第 83 行.
NOTIC: [8] Undefined variable: is_active /data/home/qxu1141980280/htdocs/Application/Runtime/Cache/Home/4ff1c5b8284f90a50fd957ef30c3e1de.php 第 363 行.
INFO: Run Behavior\ParseTemplateBehavior [ RunTime:0.020635s ]
INFO: [ view_parse ] --END-- [ RunTime:0.020686s ]
INFO: [ view_filter ] --START--
INFO: Run Behavior\WriteHtmlCacheBehavior [ RunTime:0.000290s ]
INFO: [ view_filter ] --END-- [ RunTime:0.000330s ]
INFO: [ app_end ] --START--
INFO: Run Behavior\ShowPageTraceBehavior [ RunTime:0.000577s ]
INFO: [ app_end ] --END-- [ RunTime:0.000620s ]

[ 2017-01-04T23:50:20+08:00 ] 182.150.0.26 /
INFO: [ app_init ] --START--
INFO: Run Behavior\BuildLiteBehavior [ RunTime:0.000016s ]
INFO: [ app_init ] --END-- [ RunTime:0.000415s ]
INFO: [ app_begin ] --START--
INFO: Run Behavior\ReadHtmlCacheBehavior [ RunTime:0.000530s ]
INFO: [ app_begin ] --END-- [ RunTime:0.000586s ]
SQL: SHOW COLUMNS FROM `blog_fenlei` [ RunTime:0.0008s ]
SQL: SELECT * FROM `blog_fenlei` WHERE ( fid = 0 ) ORDER BY sort desc  [ RunTime:0.0004s ]
SQL: SELECT * FROM `blog_fenlei` WHERE ( fid != 0 ) ORDER BY sort desc  [ RunTime:0.0004s ]
SQL: SHOW COLUMNS FROM `blog_site` [ RunTime:0.0008s ]
SQL: SELECT * FROM `blog_site` WHERE `id` = 1 LIMIT 1   [ RunTime:0.0004s ]
SQL: SHOW COLUMNS FROM `blog_email_set` [ RunTime:0.0008s ]
SQL: SELECT * FROM `blog_email_set` WHERE `id` = 1 LIMIT 1   [ RunTime:0.0004s ]
SQL: SHOW COLUMNS FROM `blog_friendlink` [ RunTime:0.0006s ]
SQL: SELECT * FROM `blog_friendlink` ORDER BY id desc  [ RunTime:0.0005s ]
SQL: SHOW COLUMNS FROM `blog_article` [ RunTime:0.0007s ]
SQL: SELECT COUNT(*) AS tp_count FROM `blog_article` WHERE ( status = 0 ) LIMIT 1   [ RunTime:0.0004s ]
SQL: SELECT * FROM `blog_article` WHERE ( status = 0 ) ORDER BY istop desc,id desc LIMIT 0,10   [ RunTime:0.0020s ]
SQL: SHOW COLUMNS FROM `blog_user` [ RunTime:0.0006s ]
SQL: SELECT * FROM `blog_user` WHERE ( 1=1 AND id='14' ) LIMIT 1   [ RunTime:0.0004s ]
SQL: SHOW COLUMNS FROM `blog_fenlei` [ RunTime:0.0008s ]
SQL: SELECT * FROM `blog_fenlei` WHERE ( 1=1 AND id='28' ) LIMIT 1   [ RunTime:0.0005s ]
SQL: SELECT * FROM `blog_user` WHERE ( 1=1 AND id='14' ) LIMIT 1   [ RunTime:0.0004s ]
SQL: SELECT * FROM `blog_fenlei` WHERE ( 1=1 AND id='28' ) LIMIT 1   [ RunTime:0.0003s ]
SQL: SELECT * FROM `blog_user` WHERE ( 1=1 AND id='14' ) LIMIT 1   [ RunTime:0.0004s ]
SQL: SELECT * FROM `blog_fenlei` WHERE ( 1=1 AND id='2' ) LIMIT 1   [ RunTime:0.0003s ]
SQL: SELECT * FROM `blog_user` WHERE ( 1=1 AND id='14' ) LIMIT 1   [ RunTime:0.0004s ]
SQL: SELECT * FROM `blog_fenlei` WHERE ( 1=1 AND id='2' ) LIMIT 1   [ RunTime:0.0003s ]
SQL: SELECT * FROM `blog_user` WHERE ( 1=1 AND id='14' ) LIMIT 1   [ RunTime:0.0004s ]
SQL: SELECT * FROM `blog_fenlei` WHERE ( 1=1 AND id='20' ) LIMIT 1   [ RunTime:0.0003s ]
SQL: SELECT * FROM `blog_user` WHERE ( 1=1 AND id='14' ) LIMIT 1   [ RunTime:0.0004s ]
SQL: SELECT * FROM `blog_fenlei` WHERE ( 1=1 AND id='2' ) LIMIT 1   [ RunTime:0.0003s ]
SQL: SELECT * FROM `blog_user` WHERE ( 1=1 AND id='14' ) LIMIT 1   [ RunTime:0.0004s ]
SQL: SELECT * FROM `blog_fenlei` WHERE ( 1=1 AND id='2' ) LIMIT 1   [ RunTime:0.0004s ]
SQL: SELECT * FROM `blog_user` WHERE ( 1=1 AND id='14' ) LIMIT 1   [ RunTime:0.0004s ]
SQL: SELECT * FROM `blog_fenlei` WHERE ( 1=1 AND id='29' ) LIMIT 1   [ RunTime:0.0003s ]
SQL: SELECT * FROM `blog_user` WHERE ( 1=1 AND id='14' ) LIMIT 1   [ RunTime:0.0004s ]
SQL: SELECT * FROM `blog_fenlei` WHERE ( 1=1 AND id='26' ) LIMIT 1   [ RunTime:0.0003s ]
SQL: SELECT * FROM `blog_user` WHERE ( 1=1 AND id='14' ) LIMIT 1   [ RunTime:0.0007s ]
SQL: SELECT * FROM `blog_fenlei` WHERE ( 1=1 AND id='26' ) LIMIT 1   [ RunTime:0.0008s ]
SQL: SHOW COLUMNS FROM `blog_slides` [ RunTime:0.0007s ]
SQL: SELECT * FROM `blog_slides` ORDER BY id desc  [ RunTime:0.0006s ]
INFO: [ view_parse ] --START--
INFO: [ template_filter ] --START--
INFO: Run Behavior\ContentReplaceBehavior [ RunTime:0.000185s ]
INFO: [ template_filter ] --END-- [ RunTime:0.000240s ]
NOTIC: [8] Undefined index: muser /data/home/qxu1141980280/htdocs/Application/Runtime/Cache/Home/4ff1c5b8284f90a50fd957ef30c3e1de.php 第 83 行.
NOTIC: [8] Undefined variable: is_active /data/home/qxu1141980280/htdocs/Application/Runtime/Cache/Home/4ff1c5b8284f90a50fd957ef30c3e1de.php 第 363 行.
INFO: Run Behavior\ParseTemplateBehavior [ RunTime:0.020349s ]
INFO: [ view_parse ] --END-- [ RunTime:0.020396s ]
INFO: [ view_filter ] --START--
INFO: Run Behavior\WriteHtmlCacheBehavior [ RunTime:0.000281s ]
INFO: [ view_filter ] --END-- [ RunTime:0.000323s ]
INFO: [ app_end ] --START--
INFO: Run Behavior\ShowPageTraceBehavior [ RunTime:0.000563s ]
INFO: [ app_end ] --END-- [ RunTime:0.000606s ]

[ 2017-01-04T23:50:20+08:00 ] 42.236.7.68 /
INFO: [ app_init ] --START--
INFO: Run Behavior\BuildLiteBehavior [ RunTime:0.000024s ]
INFO: [ app_init ] --END-- [ RunTime:0.000473s ]
INFO: [ app_begin ] --START--
INFO: Run Behavior\ReadHtmlCacheBehavior [ RunTime:0.000532s ]
INFO: [ app_begin ] --END-- [ RunTime:0.000585s ]
SQL: SHOW COLUMNS FROM `blog_fenlei` [ RunTime:0.0007s ]
SQL: SELECT * FROM `blog_fenlei` WHERE ( fid = 0 ) ORDER BY sort desc  [ RunTime:0.0003s ]
SQL: SELECT * FROM `blog_fenlei` WHERE ( fid != 0 ) ORDER BY sort desc  [ RunTime:0.0016s ]
SQL: SHOW COLUMNS FROM `blog_site` [ RunTime:0.0007s ]
SQL: SELECT * FROM `blog_site` WHERE `id` = 1 LIMIT 1   [ RunTime:0.0005s ]
SQL: SHOW COLUMNS FROM `blog_email_set` [ RunTime:0.0007s ]
SQL: SELECT * FROM `blog_email_set` WHERE `id` = 1 LIMIT 1   [ RunTime:0.0004s ]
SQL: SHOW COLUMNS FROM `blog_friendlink` [ RunTime:0.0007s ]
SQL: SELECT * FROM `blog_friendlink` ORDER BY id desc  [ RunTime:0.0004s ]
SQL: SHOW COLUMNS FROM `blog_article` [ RunTime:0.0010s ]
SQL: SELECT COUNT(*) AS tp_count FROM `blog_article` WHERE ( status = 0 ) LIMIT 1   [ RunTime:0.0005s ]
SQL: SELECT * FROM `blog_article` WHERE ( status = 0 ) ORDER BY istop desc,id desc LIMIT 0,10   [ RunTime:0.0030s ]
SQL: SHOW COLUMNS FROM `blog_user` [ RunTime:0.0007s ]
SQL: SELECT * FROM `blog_user` WHERE ( 1=1 AND id='14' ) LIMIT 1   [ RunTime:0.0005s ]
SQL: SHOW COLUMNS FROM `blog_fenlei` [ RunTime:0.0007s ]
SQL: SELECT * FROM `blog_fenlei` WHERE ( 1=1 AND id='28' ) LIMIT 1   [ RunTime:0.0004s ]
SQL: SELECT * FROM `blog_user` WHERE ( 1=1 AND id='14' ) LIMIT 1   [ RunTime:0.0004s ]
SQL: SELECT * FROM `blog_fenlei` WHERE ( 1=1 AND id='28' ) LIMIT 1   [ RunTime:0.0003s ]
SQL: SELECT * FROM `blog_user` WHERE ( 1=1 AND id='14' ) LIMIT 1   [ RunTime:0.0004s ]
SQL: SELECT * FROM `blog_fenlei` WHERE ( 1=1 AND id='2' ) LIMIT 1   [ RunTime:0.0007s ]
SQL: SELECT * FROM `blog_user` WHERE ( 1=1 AND id='14' ) LIMIT 1   [ RunTime:0.0004s ]
SQL: SELECT * FROM `blog_fenlei` WHERE ( 1=1 AND id='2' ) LIMIT 1   [ RunTime:0.0004s ]
SQL: SELECT * FROM `blog_user` WHERE ( 1=1 AND id='14' ) LIMIT 1   [ RunTime:0.0004s ]
SQL: SELECT * FROM `blog_fenlei` WHERE ( 1=1 AND id='20' ) LIMIT 1   [ RunTime:0.0004s ]
SQL: SELECT * FROM `blog_user` WHERE ( 1=1 AND id='14' ) LIMIT 1   [ RunTime:0.0004s ]
SQL: SELECT * FROM `blog_fenlei` WHERE ( 1=1 AND id='2' ) LIMIT 1   [ RunTime:0.0004s ]
SQL: SELECT * FROM `blog_user` WHERE ( 1=1 AND id='14' ) LIMIT 1   [ RunTime:0.0005s ]
SQL: SELECT * FROM `blog_fenlei` WHERE ( 1=1 AND id='2' ) LIMIT 1   [ RunTime:0.0005s ]
SQL: SELECT * FROM `blog_user` WHERE ( 1=1 AND id='14' ) LIMIT 1   [ RunTime:0.0004s ]
SQL: SELECT * FROM `blog_fenlei` WHERE ( 1=1 AND id='29' ) LIMIT 1   [ RunTime:0.0004s ]
SQL: SELECT * FROM `blog_user` WHERE ( 1=1 AND id='14' ) LIMIT 1   [ RunTime:0.0004s ]
SQL: SELECT * FROM `blog_fenlei` WHERE ( 1=1 AND id='26' ) LIMIT 1   [ RunTime:0.0004s ]
SQL: SELECT * FROM `blog_user` WHERE ( 1=1 AND id='14' ) LIMIT 1   [ RunTime:0.0007s ]
SQL: SELECT * FROM `blog_fenlei` WHERE ( 1=1 AND id='26' ) LIMIT 1   [ RunTime:0.0004s ]
SQL: SHOW COLUMNS FROM `blog_slides` [ RunTime:0.0007s ]
SQL: SELECT * FROM `blog_slides` ORDER BY id desc  [ RunTime:0.0007s ]
INFO: [ view_parse ] --START--
INFO: [ template_filter ] --START--
INFO: Run Behavior\ContentReplaceBehavior [ RunTime:0.000198s ]
INFO: [ template_filter ] --END-- [ RunTime:0.000255s ]
NOTIC: [8] Undefined index: muser /data/home/qxu1141980280/htdocs/Application/Runtime/Cache/Home/4ff1c5b8284f90a50fd957ef30c3e1de.php 第 83 行.
NOTIC: [8] Undefined variable: is_active /data/home/qxu1141980280/htdocs/Application/Runtime/Cache/Home/4ff1c5b8284f90a50fd957ef30c3e1de.php 第 363 行.
INFO: Run Behavior\ParseTemplateBehavior [ RunTime:0.019717s ]
INFO: [ view_parse ] --END-- [ RunTime:0.019768s ]
INFO: [ view_filter ] --START--
INFO: Run Behavior\WriteHtmlCacheBehavior [ RunTime:0.000289s ]
INFO: [ view_filter ] --END-- [ RunTime:0.000330s ]
INFO: [ app_end ] --START--
INFO: Run Behavior\ShowPageTraceBehavior [ RunTime:0.000529s ]
INFO: [ app_end ] --END-- [ RunTime:0.000573s ]

[ 2017-01-04T23:50:27+08:00 ] 117.27.149.14 /
INFO: [ app_init ] --START--
INFO: Run Behavior\BuildLiteBehavior [ RunTime:0.000017s ]
INFO: [ app_init ] --END-- [ RunTime:0.000443s ]
INFO: [ app_begin ] --START--
INFO: Run Behavior\ReadHtmlCacheBehavior [ RunTime:0.000519s ]
INFO: [ app_begin ] --END-- [ RunTime:0.000574s ]
SQL: SHOW COLUMNS FROM `blog_fenlei` [ RunTime:0.0008s ]
SQL: SELECT * FROM `blog_fenlei` WHERE ( fid = 0 ) ORDER BY sort desc  [ RunTime:0.0005s ]
SQL: SELECT * FROM `blog_fenlei` WHERE ( fid != 0 ) ORDER BY sort desc  [ RunTime:0.0004s ]
SQL: SHOW COLUMNS FROM `blog_site` [ RunTime:0.0009s ]
SQL: SELECT * FROM `blog_site` WHERE `id` = 1 LIMIT 1   [ RunTime:0.0005s ]
SQL: SHOW COLUMNS FROM `blog_email_set` [ RunTime:0.0007s ]
SQL: SELECT * FROM `blog_email_set` WHERE `id` = 1 LIMIT 1   [ RunTime:0.0005s ]
SQL: SHOW COLUMNS FROM `blog_friendlink` [ RunTime:0.0006s ]
SQL: SELECT * FROM `blog_friendlink` ORDER BY id desc  [ RunTime:0.0004s ]
SQL: SHOW COLUMNS FROM `blog_article` [ RunTime:0.0008s ]
SQL: SELECT COUNT(*) AS tp_count FROM `blog_article` WHERE ( status = 0 ) LIMIT 1   [ RunTime:0.0004s ]
SQL: SELECT * FROM `blog_article` WHERE ( status = 0 ) ORDER BY istop desc,id desc LIMIT 0,10   [ RunTime:0.0022s ]
SQL: SHOW COLUMNS FROM `blog_user` [ RunTime:0.0007s ]
SQL: SELECT * FROM `blog_user` WHERE ( 1=1 AND id='14' ) LIMIT 1   [ RunTime:0.0004s ]
SQL: SHOW COLUMNS FROM `blog_fenlei` [ RunTime:0.0007s ]
SQL: SELECT * FROM `blog_fenlei` WHERE ( 1=1 AND id='28' ) LIMIT 1   [ RunTime:0.0004s ]
SQL: SELECT * FROM `blog_user` WHERE ( 1=1 AND id='14' ) LIMIT 1   [ RunTime:0.0004s ]
SQL: SELECT * FROM `blog_fenlei` WHERE ( 1=1 AND id='28' ) LIMIT 1   [ RunTime:0.0003s ]
SQL: SELECT * FROM `blog_user` WHERE ( 1=1 AND id='14' ) LIMIT 1   [ RunTime:0.0004s ]
SQL: SELECT * FROM `blog_fenlei` WHERE ( 1=1 AND id='2' ) LIMIT 1   [ RunTime:0.0005s ]
SQL: SELECT * FROM `blog_user` WHERE ( 1=1 AND id='14' ) LIMIT 1   [ RunTime:0.0004s ]
SQL: SELECT * FROM `blog_fenlei` WHERE ( 1=1 AND id='2' ) LIMIT 1   [ RunTime:0.0004s ]
SQL: SELECT * FROM `blog_user` WHERE ( 1=1 AND id='14' ) LIMIT 1   [ RunTime:0.0004s ]
SQL: SELECT * FROM `blog_fenlei` WHERE ( 1=1 AND id='20' ) LIMIT 1   [ RunTime:0.0004s ]
SQL: SELECT * FROM `blog_user` WHERE ( 1=1 AND id='14' ) LIMIT 1   [ RunTime:0.0004s ]
SQL: SELECT * FROM `blog_fenlei` WHERE ( 1=1 AND id='2' ) LIMIT 1   [ RunTime:0.0004s ]
SQL: SELECT * FROM `blog_user` WHERE ( 1=1 AND id='14' ) LIMIT 1   [ RunTime:0.0004s ]
SQL: SELECT * FROM `blog_fenlei` WHERE ( 1=1 AND id='2' ) LIMIT 1   [ RunTime:0.0004s ]
SQL: SELECT * FROM `blog_user` WHERE ( 1=1 AND id='14' ) LIMIT 1   [ RunTime:0.0004s ]
SQL: SELECT * FROM `blog_fenlei` WHERE ( 1=1 AND id='29' ) LIMIT 1   [ RunTime:0.0004s ]
SQL: SELECT * FROM `blog_user` WHERE ( 1=1 AND id='14' ) LIMIT 1   [ RunTime:0.0004s ]
SQL: SELECT * FROM `blog_fenlei` WHERE ( 1=1 AND id='26' ) LIMIT 1   [ RunTime:0.0004s ]
SQL: SELECT * FROM `blog_user` WHERE ( 1=1 AND id='14' ) LIMIT 1   [ RunTime:0.0004s ]
SQL: SELECT * FROM `blog_fenlei` WHERE ( 1=1 AND id='26' ) LIMIT 1   [ RunTime:0.0004s ]
SQL: SHOW COLUMNS FROM `blog_slides` [ RunTime:0.0006s ]
SQL: SELECT * FROM `blog_slides` ORDER BY id desc  [ RunTime:0.0004s ]
INFO: [ view_parse ] --START--
INFO: [ template_filter ] --START--
INFO: Run Behavior\ContentReplaceBehavior [ RunTime:0.000177s ]
INFO: [ template_filter ] --END-- [ RunTime:0.000236s ]
NOTIC: [8] Undefined index: muser /data/home/qxu1141980280/htdocs/Application/Runtime/Cache/Home/4ff1c5b8284f90a50fd957ef30c3e1de.php 第 83 行.
NOTIC: [8] Undefined variable: is_active /data/home/qxu1141980280/htdocs/Application/Runtime/Cache/Home/4ff1c5b8284f90a50fd957ef30c3e1de.php 第 363 行.
INFO: Run Behavior\ParseTemplateBehavior [ RunTime:0.020824s ]
INFO: [ view_parse ] --END-- [ RunTime:0.020874s ]
INFO: [ view_filter ] --START--
INFO: Run Behavior\WriteHtmlCacheBehavior [ RunTime:0.000325s ]
INFO: [ view_filter ] --END-- [ RunTime:0.000369s ]
INFO: [ app_end ] --START--
INFO: Run Behavior\ShowPageTraceBehavior [ RunTime:0.000556s ]
INFO: [ app_end ] --END-- [ RunTime:0.000602s ]

