[ 2016-12-20T13:05:28+08:00 ] 92.55.106.10 /index.php?m=Home'&c=Article'&a=index'&id=83'"
INFO: [ app_init ] --START--
INFO: Run Behavior\BuildLiteBehavior [ RunTime:0.000019s ]
INFO: [ app_init ] --END-- [ RunTime:0.000468s ]
ERR: 无法加载模块:Home'

[ 2016-12-20T13:05:37+08:00 ] 92.55.106.10 /index.php?c=Article&a=index&id=83&m=Home2121121121212.1
INFO: [ app_init ] --START--
INFO: Run Behavior\BuildLiteBehavior [ RunTime:0.000020s ]
INFO: [ app_init ] --END-- [ RunTime:0.000425s ]
ERR: 无法加载模块:Home2121121121212.1

[ 2016-12-20T13:05:38+08:00 ] 92.55.106.10 /index.php?c=Article&a=index&id=83&m=Home%20and%201%3D1
INFO: [ app_init ] --START--
INFO: Run Behavior\BuildLiteBehavior [ RunTime:0.000020s ]
INFO: [ app_init ] --END-- [ RunTime:0.000419s ]
ERR: 无法加载模块:Home and 1=1

[ 2016-12-20T13:05:40+08:00 ] 92.55.106.10 /index.php?c=Article&a=index&id=83&m=Home%20and%201%3E1
INFO: [ app_init ] --START--
INFO: Run Behavior\BuildLiteBehavior [ RunTime:0.000024s ]
INFO: [ app_init ] --END-- [ RunTime:0.000511s ]
ERR: 无法加载模块:Home and 1>1

[ 2016-12-20T13:05:41+08:00 ] 92.55.106.10 /index.php?c=Article&a=index&id=83&m=Home%27%20and%20%27x%27%3D%27x
INFO: [ app_init ] --START--
INFO: Run Behavior\BuildLiteBehavior [ RunTime:0.000016s ]
INFO: [ app_init ] --END-- [ RunTime:0.000398s ]
ERR: 无法加载模块:Home' and 'x'='x

[ 2016-12-20T13:05:42+08:00 ] 92.55.106.10 /index.php?c=Article&a=index&id=83&m=Home%27%20and%20%27x%27%3D%27y
INFO: [ app_init ] --START--
INFO: Run Behavior\BuildLiteBehavior [ RunTime:0.000015s ]
INFO: [ app_init ] --END-- [ RunTime:0.000414s ]
ERR: 无法加载模块:Home' and 'x'='y

[ 2016-12-20T13:05:44+08:00 ] 92.55.106.10 /index.php?c=Article&a=index&id=83&m=Home"%20and%20"x"%3D"x
INFO: [ app_init ] --START--
INFO: Run Behavior\BuildLiteBehavior [ RunTime:0.000015s ]
INFO: [ app_init ] --END-- [ RunTime:0.000394s ]
ERR: 无法加载模块:Home" and "x"="x

[ 2016-12-20T13:05:45+08:00 ] 92.55.106.10 /index.php?c=Article&a=index&id=83&m=Home%22%20and%20%22x%22%3D%22y
INFO: [ app_init ] --START--
INFO: Run Behavior\BuildLiteBehavior [ RunTime:0.000018s ]
INFO: [ app_init ] --END-- [ RunTime:0.000455s ]
ERR: 无法加载模块:Home" and "x"="y

[ 2016-12-20T13:05:56+08:00 ] 92.55.106.10 /index.php?c=Article&a=index&id=83&m=Home%20AND%201=1
INFO: [ app_init ] --START--
INFO: Run Behavior\BuildLiteBehavior [ RunTime:0.000015s ]
INFO: [ app_init ] --END-- [ RunTime:0.000440s ]
ERR: 无法加载模块:Home AND 1=1

[ 2016-12-20T13:07:12+08:00 ] 92.55.106.10 /index.php?m=Home%27%20AnD%20sLeep%283%29%20ANd%20%271&c=Article&a=index&id=83
INFO: [ app_init ] --START--
INFO: Run Behavior\BuildLiteBehavior [ RunTime:0.000016s ]
INFO: [ app_init ] --END-- [ RunTime:0.000401s ]
ERR: 无法加载模块:Home' AnD sLeep(3) ANd '1

[ 2016-12-20T13:07:12+08:00 ] 92.55.106.10 /index.php?m=Home%27%26%26sLEEp%283%29%26%26%271&c=Article&a=index&id=83
INFO: [ app_init ] --START--
INFO: Run Behavior\BuildLiteBehavior [ RunTime:0.000015s ]
INFO: [ app_init ] --END-- [ RunTime:0.000396s ]
ERR: 无法加载模块:Home'&&sLEEp(3)&&'1

[ 2016-12-20T13:07:13+08:00 ] 92.55.106.10 /index.php?m=Home%00%27%7C%7CSLeeP%283%29%26%26%271&c=Article&a=index&id=83
INFO: [ app_init ] --START--
INFO: Run Behavior\BuildLiteBehavior [ RunTime:0.000019s ]
INFO: [ app_init ] --END-- [ RunTime:0.000416s ]
ERR: 无法加载模块:Home'||SLeeP(3)&&'1

[ 2016-12-20T13:07:14+08:00 ] 92.55.106.10 /index.php?m=Home%27%20aND%20BeNChMaRK%282999999%2CMd5%28NoW%28%29%29%29%20AnD%20%271&c=Article&a=index&id=83
INFO: [ app_init ] --START--
INFO: Run Behavior\BuildLiteBehavior [ RunTime:0.000016s ]
INFO: [ app_init ] --END-- [ RunTime:0.000464s ]
ERR: 无法加载模块:Home' aND BeNChMaRK(2999999,Md5(NoW())) AnD '1

[ 2016-12-20T13:07:15+08:00 ] 92.55.106.10 /index.php?m=Home%27%26%26BeNChMaRK%282999999%2CmD5%28NOW%28%29%29%29%26%26%271&c=Article&a=index&id=83
INFO: [ app_init ] --START--
INFO: Run Behavior\BuildLiteBehavior [ RunTime:0.000020s ]
INFO: [ app_init ] --END-- [ RunTime:0.000428s ]
ERR: 无法加载模块:Home'&&BeNChMaRK(2999999,mD5(NOW()))&&'1

[ 2016-12-20T13:12:30+08:00 ] 149.56.12.13 /index.php?m=Home'&c=Article'&a=index'&id=83'"
INFO: [ app_init ] --START--
INFO: Run Behavior\BuildLiteBehavior [ RunTime:0.000018s ]
INFO: [ app_init ] --END-- [ RunTime:0.000425s ]
ERR: 无法加载模块:Home'

[ 2016-12-20T13:12:35+08:00 ] 149.56.12.13 /index.php?c=Article&a=index&id=83&m=Home2121121121212.1
INFO: [ app_init ] --START--
INFO: Run Behavior\BuildLiteBehavior [ RunTime:0.000016s ]
INFO: [ app_init ] --END-- [ RunTime:0.000475s ]
ERR: 无法加载模块:Home2121121121212.1

[ 2016-12-20T13:12:35+08:00 ] 149.56.12.13 /index.php?c=Article&a=index&id=83&m=Home%20and%201%3D1
INFO: [ app_init ] --START--
INFO: Run Behavior\BuildLiteBehavior [ RunTime:0.000015s ]
INFO: [ app_init ] --END-- [ RunTime:0.000499s ]
ERR: 无法加载模块:Home and 1=1

[ 2016-12-20T13:12:36+08:00 ] 149.56.12.13 /index.php?c=Article&a=index&id=83&m=Home%20and%201%3E1
INFO: [ app_init ] --START--
INFO: Run Behavior\BuildLiteBehavior [ RunTime:0.000016s ]
INFO: [ app_init ] --END-- [ RunTime:0.000407s ]
ERR: 无法加载模块:Home and 1>1

[ 2016-12-20T13:12:37+08:00 ] 149.56.12.13 /index.php?c=Article&a=index&id=83&m=Home%27%20and%20%27x%27%3D%27x
INFO: [ app_init ] --START--
INFO: Run Behavior\BuildLiteBehavior [ RunTime:0.000019s ]
INFO: [ app_init ] --END-- [ RunTime:0.000436s ]
ERR: 无法加载模块:Home' and 'x'='x

[ 2016-12-20T13:12:39+08:00 ] 149.56.12.13 /index.php?c=Article&a=index&id=83&m=Home%27%20and%20%27x%27%3D%27y
INFO: [ app_init ] --START--
INFO: Run Behavior\BuildLiteBehavior [ RunTime:0.000016s ]
INFO: [ app_init ] --END-- [ RunTime:0.000403s ]
ERR: 无法加载模块:Home' and 'x'='y

[ 2016-12-20T13:12:39+08:00 ] 149.56.12.13 /index.php?c=Article&a=index&id=83&m=Home"%20and%20"x"%3D"x
INFO: [ app_init ] --START--
INFO: Run Behavior\BuildLiteBehavior [ RunTime:0.000026s ]
INFO: [ app_init ] --END-- [ RunTime:0.000650s ]
ERR: 无法加载模块:Home" and "x"="x

[ 2016-12-20T13:12:40+08:00 ] 149.56.12.13 /index.php?c=Article&a=index&id=83&m=Home%22%20and%20%22x%22%3D%22y
INFO: [ app_init ] --START--
INFO: Run Behavior\BuildLiteBehavior [ RunTime:0.000020s ]
INFO: [ app_init ] --END-- [ RunTime:0.000599s ]
ERR: 无法加载模块:Home" and "x"="y

[ 2016-12-20T13:12:41+08:00 ] 149.56.12.13 /index.php?c=Article&a=index&id=83&m=Home%20AND%201=1
INFO: [ app_init ] --START--
INFO: Run Behavior\BuildLiteBehavior [ RunTime:0.000016s ]
INFO: [ app_init ] --END-- [ RunTime:0.000401s ]
ERR: 无法加载模块:Home AND 1=1

[ 2016-12-20T13:13:25+08:00 ] 149.56.12.13 /index.php?m=Home%27%20AnD%20sLeep%283%29%20ANd%20%271&c=Article&a=index&id=83
INFO: [ app_init ] --START--
INFO: Run Behavior\BuildLiteBehavior [ RunTime:0.000016s ]
INFO: [ app_init ] --END-- [ RunTime:0.000412s ]
ERR: 无法加载模块:Home' AnD sLeep(3) ANd '1

[ 2016-12-20T13:13:26+08:00 ] 149.56.12.13 /index.php?m=Home%27%26%26sLEEp%283%29%26%26%271&c=Article&a=index&id=83
INFO: [ app_init ] --START--
INFO: Run Behavior\BuildLiteBehavior [ RunTime:0.000019s ]
INFO: [ app_init ] --END-- [ RunTime:0.000455s ]
ERR: 无法加载模块:Home'&&sLEEp(3)&&'1

[ 2016-12-20T13:13:28+08:00 ] 149.56.12.13 /index.php?m=Home%00%27%7C%7CSLeeP%283%29%26%26%271&c=Article&a=index&id=83
INFO: [ app_init ] --START--
INFO: Run Behavior\BuildLiteBehavior [ RunTime:0.000016s ]
INFO: [ app_init ] --END-- [ RunTime:0.000422s ]
ERR: 无法加载模块:Home'||SLeeP(3)&&'1

[ 2016-12-20T13:13:29+08:00 ] 149.56.12.13 /index.php?m=Home%27%20aND%20BeNChMaRK%282999999%2CMd5%28NoW%28%29%29%29%20AnD%20%271&c=Article&a=index&id=83
INFO: [ app_init ] --START--
INFO: Run Behavior\BuildLiteBehavior [ RunTime:0.000016s ]
INFO: [ app_init ] --END-- [ RunTime:0.000406s ]
ERR: 无法加载模块:Home' aND BeNChMaRK(2999999,Md5(NoW())) AnD '1

[ 2016-12-20T13:13:30+08:00 ] 149.56.12.13 /index.php?m=Home%27%26%26BeNChMaRK%282999999%2CmD5%28NOW%28%29%29%29%26%26%271&c=Article&a=index&id=83
INFO: [ app_init ] --START--
INFO: Run Behavior\BuildLiteBehavior [ RunTime:0.000022s ]
INFO: [ app_init ] --END-- [ RunTime:0.000473s ]
ERR: 无法加载模块:Home'&&BeNChMaRK(2999999,mD5(NOW()))&&'1

