[ 2016-12-22T13:40:43+08:00 ] 106.120.173.84 /index.php?m=Admin&c=Index&a=index
INFO: [ app_init ] --START--
INFO: Run Behavior\BuildLiteBehavior [ RunTime:0.000021s ]
INFO: [ app_init ] --END-- [ RunTime:0.000438s ]
INFO: [ app_begin ] --START--
INFO: Run Behavior\ReadHtmlCacheBehavior [ RunTime:0.000600s ]
INFO: [ app_begin ] --END-- [ RunTime:0.000666s ]
SQL: SHOW COLUMNS FROM `blog_jingli` [ RunTime:0.0008s ]
NOTIC: [8] Undefined index: username /data/home/qxu1141980280/htdocs/Application/Admin/Controller/CommonController.class.php 第 10 行.
SQL: SELECT * FROM `blog_jingli` WHERE ( username = '%s' ) LIMIT 1   [ RunTime:0.0005s ]
NOTIC: [8] Undefined index: username /data/home/qxu1141980280/htdocs/Application/Admin/Controller/CommonController.class.php 第 11 行.
INFO: [ view_parse ] --START--
INFO: [ template_filter ] --START--
INFO: Run Behavior\ContentReplaceBehavior [ RunTime:0.000104s ]
INFO: [ template_filter ] --END-- [ RunTime:0.000151s ]
INFO: Run Behavior\ParseTemplateBehavior [ RunTime:0.008570s ]
INFO: [ view_parse ] --END-- [ RunTime:0.008621s ]
INFO: [ view_filter ] --START--
INFO: Run Behavior\WriteHtmlCacheBehavior [ RunTime:0.000271s ]
INFO: [ view_filter ] --END-- [ RunTime:0.000310s ]

