[ 2016-12-30T08:45:38+08:00 ] 42.120.161.83 /index.php?a=index&c=Index&m=Admin
INFO: [ app_init ] --START--
INFO: Run Behavior\BuildLiteBehavior [ RunTime:0.000016s ]
INFO: [ app_init ] --END-- [ RunTime:0.000400s ]
INFO: [ app_begin ] --START--
INFO: Run Behavior\ReadHtmlCacheBehavior [ RunTime:0.000697s ]
INFO: [ app_begin ] --END-- [ RunTime:0.000776s ]
SQL: SHOW COLUMNS FROM `blog_jingli` [ RunTime:0.0008s ]
NOTIC: [8] Undefined index: username /data/home/qxu1141980280/htdocs/Application/Admin/Controller/CommonController.class.php 第 10 行.
SQL: SELECT * FROM `blog_jingli` WHERE ( username = '%s' ) LIMIT 1   [ RunTime:0.0005s ]
NOTIC: [8] Undefined index: username /data/home/qxu1141980280/htdocs/Application/Admin/Controller/CommonController.class.php 第 11 行.
INFO: [ view_parse ] --START--
INFO: [ template_filter ] --START--
INFO: Run Behavior\ContentReplaceBehavior [ RunTime:0.000111s ]
INFO: [ template_filter ] --END-- [ RunTime:0.000167s ]
INFO: Run Behavior\ParseTemplateBehavior [ RunTime:0.008327s ]
INFO: [ view_parse ] --END-- [ RunTime:0.008386s ]
INFO: [ view_filter ] --START--
INFO: Run Behavior\WriteHtmlCacheBehavior [ RunTime:0.000267s ]
INFO: [ view_filter ] --END-- [ RunTime:0.000306s ]

[ 2016-12-30T17:14:49+08:00 ] 222.212.6.233 /index.php?m=Admin&c=Index&a=index
INFO: [ app_init ] --START--
INFO: Run Behavior\BuildLiteBehavior [ RunTime:0.000019s ]
INFO: [ app_init ] --END-- [ RunTime:0.000436s ]
INFO: [ app_begin ] --START--
INFO: Run Behavior\ReadHtmlCacheBehavior [ RunTime:0.000546s ]
INFO: [ app_begin ] --END-- [ RunTime:0.000600s ]
SQL: SHOW COLUMNS FROM `blog_jingli` [ RunTime:0.0034s ]
NOTIC: [8] Undefined index: username /data/home/qxu1141980280/htdocs/Application/Admin/Controller/CommonController.class.php 第 10 行.
SQL: SELECT * FROM `blog_jingli` WHERE ( username = '%s' ) LIMIT 1   [ RunTime:0.0005s ]
NOTIC: [8] Undefined index: username /data/home/qxu1141980280/htdocs/Application/Admin/Controller/CommonController.class.php 第 11 行.
INFO: [ view_parse ] --START--
INFO: [ template_filter ] --START--
INFO: Run Behavior\ContentReplaceBehavior [ RunTime:0.000110s ]
INFO: [ template_filter ] --END-- [ RunTime:0.000163s ]
INFO: Run Behavior\ParseTemplateBehavior [ RunTime:0.009335s ]
INFO: [ view_parse ] --END-- [ RunTime:0.009388s ]
INFO: [ view_filter ] --START--
INFO: Run Behavior\WriteHtmlCacheBehavior [ RunTime:0.000268s ]
INFO: [ view_filter ] --END-- [ RunTime:0.000307s ]

[ 2016-12-30T17:14:53+08:00 ] 222.212.6.233 /index.php?m=Admin&c=Login&a=login
INFO: [ app_init ] --START--
INFO: Run Behavior\BuildLiteBehavior [ RunTime:0.000028s ]
INFO: [ app_init ] --END-- [ RunTime:0.000626s ]
INFO: [ app_begin ] --START--
INFO: Run Behavior\ReadHtmlCacheBehavior [ RunTime:0.000547s ]
INFO: [ app_begin ] --END-- [ RunTime:0.000603s ]
INFO: [ view_parse ] --START--
INFO: [ template_filter ] --START--
INFO: Run Behavior\ContentReplaceBehavior [ RunTime:0.000047s ]
INFO: [ template_filter ] --END-- [ RunTime:0.000097s ]
INFO: Run Behavior\ParseTemplateBehavior [ RunTime:0.005844s ]
INFO: [ view_parse ] --END-- [ RunTime:0.005895s ]
INFO: [ view_filter ] --START--
INFO: Run Behavior\WriteHtmlCacheBehavior [ RunTime:0.000267s ]
INFO: [ view_filter ] --END-- [ RunTime:0.000306s ]
INFO: [ app_end ] --START--
INFO: Run Behavior\ShowPageTraceBehavior [ RunTime:0.000530s ]
INFO: [ app_end ] --END-- [ RunTime:0.000574s ]

[ 2016-12-30T17:15:05+08:00 ] 222.212.6.233 /index.php?m=Admin&c=Login&a=checklogin
INFO: [ app_init ] --START--
INFO: Run Behavior\BuildLiteBehavior [ RunTime:0.000016s ]
INFO: [ app_init ] --END-- [ RunTime:0.000416s ]
INFO: [ app_begin ] --START--
INFO: Run Behavior\ReadHtmlCacheBehavior [ RunTime:0.000525s ]
INFO: [ app_begin ] --END-- [ RunTime:0.000580s ]
SQL: SHOW COLUMNS FROM `blog_jingli` [ RunTime:0.0008s ]
SQL: SELECT * FROM `blog_jingli` WHERE ( username='admin' AND password='2d7aab9c845d216e9bc90c0672b7ff0c' AND kouling='carol' AND status ='0' ) LIMIT 1   [ RunTime:0.0005s ]
INFO: [ view_parse ] --START--
INFO: [ template_filter ] --START--
INFO: Run Behavior\ContentReplaceBehavior [ RunTime:0.000144s ]
INFO: [ template_filter ] --END-- [ RunTime:0.000242s ]
INFO: Run Behavior\ParseTemplateBehavior [ RunTime:0.009734s ]
INFO: [ view_parse ] --END-- [ RunTime:0.009789s ]
INFO: [ view_filter ] --START--
INFO: Run Behavior\WriteHtmlCacheBehavior [ RunTime:0.000292s ]
INFO: [ view_filter ] --END-- [ RunTime:0.000332s ]
INFO: [ app_end ] --START--
INFO: Run Behavior\ShowPageTraceBehavior [ RunTime:0.000618s ]
INFO: [ app_end ] --END-- [ RunTime:0.000673s ]

[ 2016-12-30T17:15:08+08:00 ] 180.153.206.16 /index.php?m=Admin&c=Login&a=login
INFO: [ app_init ] --START--
INFO: Run Behavior\BuildLiteBehavior [ RunTime:0.000019s ]
INFO: [ app_init ] --END-- [ RunTime:0.000503s ]
INFO: [ app_begin ] --START--
INFO: Run Behavior\ReadHtmlCacheBehavior [ RunTime:0.000570s ]
INFO: [ app_begin ] --END-- [ RunTime:0.000632s ]
INFO: [ view_parse ] --START--
INFO: [ template_filter ] --START--
INFO: Run Behavior\ContentReplaceBehavior [ RunTime:0.000052s ]
INFO: [ template_filter ] --END-- [ RunTime:0.000110s ]
INFO: Run Behavior\ParseTemplateBehavior [ RunTime:0.005938s ]
INFO: [ view_parse ] --END-- [ RunTime:0.005989s ]
INFO: [ view_filter ] --START--
INFO: Run Behavior\WriteHtmlCacheBehavior [ RunTime:0.000294s ]
INFO: [ view_filter ] --END-- [ RunTime:0.000333s ]
INFO: [ app_end ] --START--
INFO: Run Behavior\ShowPageTraceBehavior [ RunTime:0.000525s ]
INFO: [ app_end ] --END-- [ RunTime:0.000569s ]

[ 2016-12-30T17:15:08+08:00 ] 222.212.6.233 /index.php?m=Admin&c=Index&a=index
INFO: [ app_init ] --START--
INFO: Run Behavior\BuildLiteBehavior [ RunTime:0.000020s ]
INFO: [ app_init ] --END-- [ RunTime:0.000533s ]
INFO: [ app_begin ] --START--
INFO: Run Behavior\ReadHtmlCacheBehavior [ RunTime:0.000547s ]
INFO: [ app_begin ] --END-- [ RunTime:0.000604s ]
SQL: SHOW COLUMNS FROM `blog_jingli` [ RunTime:0.0052s ]
SQL: SELECT * FROM `blog_jingli` WHERE ( username = 'admin' ) LIMIT 1   [ RunTime:0.0006s ]
NOTIC: [8] Undefined variable: them_list /data/home/qxu1141980280/htdocs/Application/Admin/Controller/IndexController.class.php 第 18 行.
NOTIC: [2] file_get_contents(http://www.lcm.wang/index.php/Home/Index/getVersion): failed to open stream: HTTP request failed! HTTP/1.1 404 Not Found
 /data/home/qxu1141980280/htdocs/Application/Admin/Controller/IndexController.class.php 第 26 行.
INFO: [ view_parse ] --START--
INFO: [ template_filter ] --START--
INFO: Run Behavior\ContentReplaceBehavior [ RunTime:0.000122s ]
INFO: [ template_filter ] --END-- [ RunTime:0.000192s ]
NOTIC: [8] Undefined variable: them_list /data/home/qxu1141980280/htdocs/Application/Runtime/Cache/Admin/b595b808c2ebeeeb0478ffc30bb4e87a.php 第 172 行.
INFO: Run Behavior\ParseTemplateBehavior [ RunTime:0.037805s ]
INFO: [ view_parse ] --END-- [ RunTime:0.037858s ]
INFO: [ view_filter ] --START--
INFO: Run Behavior\WriteHtmlCacheBehavior [ RunTime:0.000285s ]
INFO: [ view_filter ] --END-- [ RunTime:0.000324s ]
INFO: [ app_end ] --START--
INFO: Run Behavior\ShowPageTraceBehavior [ RunTime:0.000568s ]
INFO: [ app_end ] --END-- [ RunTime:0.000612s ]

[ 2016-12-30T17:15:15+08:00 ] 222.212.6.233 /index.php?m=Admin&c=Article&a=index
INFO: [ app_init ] --START--
INFO: Run Behavior\BuildLiteBehavior [ RunTime:0.000017s ]
INFO: [ app_init ] --END-- [ RunTime:0.000405s ]
INFO: [ app_begin ] --START--
INFO: Run Behavior\ReadHtmlCacheBehavior [ RunTime:0.000536s ]
INFO: [ app_begin ] --END-- [ RunTime:0.000588s ]
SQL: SHOW COLUMNS FROM `blog_jingli` [ RunTime:0.0009s ]
SQL: SELECT * FROM `blog_jingli` WHERE ( username = 'admin' ) LIMIT 1   [ RunTime:0.0004s ]
SQL: SHOW COLUMNS FROM `blog_article` [ RunTime:0.0007s ]
SQL: SELECT COUNT(*) AS tp_count FROM `blog_article` WHERE ( status = 0 ) LIMIT 1   [ RunTime:0.0005s ]
SQL: SHOW COLUMNS FROM `blog_article` [ RunTime:0.0011s ]
SQL: SELECT a.*,(SELECT count(id) FROM blog_comment where aid = a.id) as comment FROM blog_article as a WHERE ( status = 0 ) ORDER BY id desc LIMIT 0,10   [ RunTime:0.0025s ]
INFO: [ view_parse ] --START--
INFO: [ template_filter ] --START--
INFO: Run Behavior\ContentReplaceBehavior [ RunTime:0.000116s ]
INFO: [ template_filter ] --END-- [ RunTime:0.000171s ]
INFO: Run Behavior\ParseTemplateBehavior [ RunTime:0.015038s ]
INFO: [ view_parse ] --END-- [ RunTime:0.015099s ]
INFO: [ view_filter ] --START--
INFO: Run Behavior\WriteHtmlCacheBehavior [ RunTime:0.000277s ]
INFO: [ view_filter ] --END-- [ RunTime:0.000317s ]
INFO: [ app_end ] --START--
INFO: Run Behavior\ShowPageTraceBehavior [ RunTime:0.000601s ]
INFO: [ app_end ] --END-- [ RunTime:0.000644s ]

[ 2016-12-30T17:15:17+08:00 ] 222.212.6.233 /index.php?m=Admin&c=Article&a=changeTop&id=99&status=1
INFO: [ app_init ] --START--
INFO: Run Behavior\BuildLiteBehavior [ RunTime:0.000018s ]
INFO: [ app_init ] --END-- [ RunTime:0.000449s ]
INFO: [ app_begin ] --START--
INFO: Run Behavior\ReadHtmlCacheBehavior [ RunTime:0.000542s ]
INFO: [ app_begin ] --END-- [ RunTime:0.000595s ]
SQL: SHOW COLUMNS FROM `blog_jingli` [ RunTime:0.0008s ]
SQL: SELECT * FROM `blog_jingli` WHERE ( username = 'admin' ) LIMIT 1   [ RunTime:0.0004s ]
SQL: SHOW COLUMNS FROM `blog_article` [ RunTime:0.0008s ]
SQL: UPDATE `blog_article` SET `istop`='1' WHERE ( id = 99 ) [ RunTime:0.0005s ]
INFO: [ view_parse ] --START--
INFO: [ template_filter ] --START--
INFO: Run Behavior\ContentReplaceBehavior [ RunTime:0.000125s ]
INFO: [ template_filter ] --END-- [ RunTime:0.000178s ]
INFO: Run Behavior\ParseTemplateBehavior [ RunTime:0.009263s ]
INFO: [ view_parse ] --END-- [ RunTime:0.009313s ]
INFO: [ view_filter ] --START--
INFO: Run Behavior\WriteHtmlCacheBehavior [ RunTime:0.000289s ]
INFO: [ view_filter ] --END-- [ RunTime:0.000328s ]
INFO: [ app_end ] --START--
INFO: Run Behavior\ShowPageTraceBehavior [ RunTime:0.000574s ]
INFO: [ app_end ] --END-- [ RunTime:0.000615s ]

[ 2016-12-30T17:15:18+08:00 ] 222.212.6.233 /index.php?m=Admin&c=Article&a=index
INFO: [ app_init ] --START--
INFO: Run Behavior\BuildLiteBehavior [ RunTime:0.000015s ]
INFO: [ app_init ] --END-- [ RunTime:0.000400s ]
INFO: [ app_begin ] --START--
INFO: Run Behavior\ReadHtmlCacheBehavior [ RunTime:0.000523s ]
INFO: [ app_begin ] --END-- [ RunTime:0.000576s ]
SQL: SHOW COLUMNS FROM `blog_jingli` [ RunTime:0.0007s ]
SQL: SELECT * FROM `blog_jingli` WHERE ( username = 'admin' ) LIMIT 1   [ RunTime:0.0004s ]
SQL: SHOW COLUMNS FROM `blog_article` [ RunTime:0.0008s ]
SQL: SELECT COUNT(*) AS tp_count FROM `blog_article` WHERE ( status = 0 ) LIMIT 1   [ RunTime:0.0005s ]
SQL: SHOW COLUMNS FROM `blog_article` [ RunTime:0.0007s ]
SQL: SELECT a.*,(SELECT count(id) FROM blog_comment where aid = a.id) as comment FROM blog_article as a WHERE ( status = 0 ) ORDER BY id desc LIMIT 0,10   [ RunTime:0.0026s ]
INFO: [ view_parse ] --START--
INFO: [ template_filter ] --START--
INFO: Run Behavior\ContentReplaceBehavior [ RunTime:0.000114s ]
INFO: [ template_filter ] --END-- [ RunTime:0.000163s ]
INFO: Run Behavior\ParseTemplateBehavior [ RunTime:0.015693s ]
INFO: [ view_parse ] --END-- [ RunTime:0.015746s ]
INFO: [ view_filter ] --START--
INFO: Run Behavior\WriteHtmlCacheBehavior [ RunTime:0.000269s ]
INFO: [ view_filter ] --END-- [ RunTime:0.000309s ]
INFO: [ app_end ] --START--
INFO: Run Behavior\ShowPageTraceBehavior [ RunTime:0.000551s ]
INFO: [ app_end ] --END-- [ RunTime:0.000592s ]

[ 2016-12-30T17:15:21+08:00 ] 61.151.218.119 /index.php?m=Admin&c=Login&a=checklogin
INFO: [ app_init ] --START--
INFO: Run Behavior\BuildLiteBehavior [ RunTime:0.000018s ]
INFO: [ app_init ] --END-- [ RunTime:0.000437s ]
INFO: [ app_begin ] --START--
INFO: Run Behavior\ReadHtmlCacheBehavior [ RunTime:0.000537s ]
INFO: [ app_begin ] --END-- [ RunTime:0.000589s ]
SQL: SHOW COLUMNS FROM `blog_jingli` [ RunTime:0.0007s ]
SQL: SELECT * FROM `blog_jingli` WHERE ( username='' AND password='d41d8cd98f00b204e9800998ecf8427e' AND kouling='' AND status ='0' ) LIMIT 1   [ RunTime:0.0006s ]
INFO: [ view_parse ] --START--
INFO: [ template_filter ] --START--
INFO: Run Behavior\ContentReplaceBehavior [ RunTime:0.000135s ]
INFO: [ template_filter ] --END-- [ RunTime:0.000265s ]
INFO: Run Behavior\ParseTemplateBehavior [ RunTime:0.010154s ]
INFO: [ view_parse ] --END-- [ RunTime:0.010211s ]
INFO: [ view_filter ] --START--
INFO: Run Behavior\WriteHtmlCacheBehavior [ RunTime:0.000297s ]
INFO: [ view_filter ] --END-- [ RunTime:0.000336s ]

[ 2016-12-30T17:15:24+08:00 ] 117.185.27.115 /index.php?m=Admin&c=Article&a=index
INFO: [ app_init ] --START--
INFO: Run Behavior\BuildLiteBehavior [ RunTime:0.000015s ]
INFO: [ app_init ] --END-- [ RunTime:0.000462s ]
INFO: [ app_begin ] --START--
INFO: Run Behavior\ReadHtmlCacheBehavior [ RunTime:0.000556s ]
INFO: [ app_begin ] --END-- [ RunTime:0.000609s ]
SQL: SHOW COLUMNS FROM `blog_jingli` [ RunTime:0.0007s ]
NOTIC: [8] Undefined index: username /data/home/qxu1141980280/htdocs/Application/Admin/Controller/CommonController.class.php 第 10 行.
SQL: SELECT * FROM `blog_jingli` WHERE ( username = '%s' ) LIMIT 1   [ RunTime:0.0005s ]
NOTIC: [8] Undefined index: username /data/home/qxu1141980280/htdocs/Application/Admin/Controller/CommonController.class.php 第 11 行.
INFO: [ view_parse ] --START--
INFO: [ template_filter ] --START--
INFO: Run Behavior\ContentReplaceBehavior [ RunTime:0.000107s ]
INFO: [ template_filter ] --END-- [ RunTime:0.000158s ]
INFO: Run Behavior\ParseTemplateBehavior [ RunTime:0.008802s ]
INFO: [ view_parse ] --END-- [ RunTime:0.008852s ]
INFO: [ view_filter ] --START--
INFO: Run Behavior\WriteHtmlCacheBehavior [ RunTime:0.000262s ]
INFO: [ view_filter ] --END-- [ RunTime:0.000301s ]

[ 2016-12-30T17:15:26+08:00 ] 101.226.66.173 /index.php?m=Admin&c=Article&a=changeTop&id=99&status=1
INFO: [ app_init ] --START--
INFO: Run Behavior\BuildLiteBehavior [ RunTime:0.000016s ]
INFO: [ app_init ] --END-- [ RunTime:0.000418s ]
INFO: [ app_begin ] --START--
INFO: Run Behavior\ReadHtmlCacheBehavior [ RunTime:0.000514s ]
INFO: [ app_begin ] --END-- [ RunTime:0.000566s ]
SQL: SHOW COLUMNS FROM `blog_jingli` [ RunTime:0.0007s ]
NOTIC: [8] Undefined index: username /data/home/qxu1141980280/htdocs/Application/Admin/Controller/CommonController.class.php 第 10 行.
SQL: SELECT * FROM `blog_jingli` WHERE ( username = '%s' ) LIMIT 1   [ RunTime:0.0004s ]
NOTIC: [8] Undefined index: username /data/home/qxu1141980280/htdocs/Application/Admin/Controller/CommonController.class.php 第 11 行.
INFO: [ view_parse ] --START--
INFO: [ template_filter ] --START--
INFO: Run Behavior\ContentReplaceBehavior [ RunTime:0.000107s ]
INFO: [ template_filter ] --END-- [ RunTime:0.000166s ]
INFO: Run Behavior\ParseTemplateBehavior [ RunTime:0.009685s ]
INFO: [ view_parse ] --END-- [ RunTime:0.009736s ]
INFO: [ view_filter ] --START--
INFO: Run Behavior\WriteHtmlCacheBehavior [ RunTime:0.000261s ]
INFO: [ view_filter ] --END-- [ RunTime:0.000300s ]

[ 2016-12-30T17:15:34+08:00 ] 180.153.206.21 /index.php?m=admin&c=article&a=index
INFO: [ app_init ] --START--
INFO: Run Behavior\BuildLiteBehavior [ RunTime:0.000018s ]
INFO: [ app_init ] --END-- [ RunTime:0.000429s ]
INFO: [ app_begin ] --START--
INFO: Run Behavior\ReadHtmlCacheBehavior [ RunTime:0.000520s ]
INFO: [ app_begin ] --END-- [ RunTime:0.000577s ]
SQL: SHOW COLUMNS FROM `blog_jingli` [ RunTime:0.0007s ]
NOTIC: [8] Undefined index: username /data/home/qxu1141980280/htdocs/Application/Admin/Controller/CommonController.class.php 第 10 行.
SQL: SELECT * FROM `blog_jingli` WHERE ( username = '%s' ) LIMIT 1   [ RunTime:0.0004s ]
NOTIC: [8] Undefined index: username /data/home/qxu1141980280/htdocs/Application/Admin/Controller/CommonController.class.php 第 11 行.
INFO: [ view_parse ] --START--
INFO: [ template_filter ] --START--
INFO: Run Behavior\ContentReplaceBehavior [ RunTime:0.000106s ]
INFO: [ template_filter ] --END-- [ RunTime:0.000154s ]
INFO: Run Behavior\ParseTemplateBehavior [ RunTime:0.008341s ]
INFO: [ view_parse ] --END-- [ RunTime:0.008391s ]
INFO: [ view_filter ] --START--
INFO: Run Behavior\WriteHtmlCacheBehavior [ RunTime:0.000341s ]
INFO: [ view_filter ] --END-- [ RunTime:0.000392s ]

