[ 2017-01-11T02:18:58+08:00 ] 125.67.243.31 /index.php?m=Admin&c=Index&a=index
INFO: [ app_init ] --START--
INFO: Run Behavior\BuildLiteBehavior [ RunTime:0.000019s ]
INFO: [ app_init ] --END-- [ RunTime:0.000448s ]
INFO: [ app_begin ] --START--
INFO: Run Behavior\ReadHtmlCacheBehavior [ RunTime:0.000837s ]
INFO: [ app_begin ] --END-- [ RunTime:0.000928s ]
SQL: SHOW COLUMNS FROM `blog_jingli` [ RunTime:0.0008s ]
NOTIC: [8] Undefined index: username /data/home/qxu1141980280/htdocs/Application/Admin/Controller/CommonController.class.php 第 10 行.
SQL: SELECT * FROM `blog_jingli` WHERE ( username = '%s' ) LIMIT 1   [ RunTime:0.0004s ]
NOTIC: [8] Undefined index: username /data/home/qxu1141980280/htdocs/Application/Admin/Controller/CommonController.class.php 第 11 行.
INFO: [ view_parse ] --START--
INFO: [ template_filter ] --START--
INFO: Run Behavior\ContentReplaceBehavior [ RunTime:0.000108s ]
INFO: [ template_filter ] --END-- [ RunTime:0.000162s ]
INFO: Run Behavior\ParseTemplateBehavior [ RunTime:0.017789s ]
INFO: [ view_parse ] --END-- [ RunTime:0.017882s ]
INFO: [ view_filter ] --START--
INFO: Run Behavior\WriteHtmlCacheBehavior [ RunTime:0.000629s ]
INFO: [ view_filter ] --END-- [ RunTime:0.000706s ]

[ 2017-01-11T20:30:42+08:00 ] 68.180.230.47 /index.php?m=Admin&c=Index&a=index
INFO: [ app_init ] --START--
INFO: Run Behavior\BuildLiteBehavior [ RunTime:0.000028s ]
INFO: [ app_init ] --END-- [ RunTime:0.000426s ]
INFO: [ app_begin ] --START--
INFO: Run Behavior\ReadHtmlCacheBehavior [ RunTime:0.000714s ]
INFO: [ app_begin ] --END-- [ RunTime:0.000795s ]
SQL: SHOW COLUMNS FROM `blog_jingli` [ RunTime:0.0010s ]
NOTIC: [8] Undefined index: username /data/home/qxu1141980280/htdocs/Application/Admin/Controller/CommonController.class.php 第 10 行.
SQL: SELECT * FROM `blog_jingli` WHERE ( username = '%s' ) LIMIT 1   [ RunTime:0.0005s ]
NOTIC: [8] Undefined index: username /data/home/qxu1141980280/htdocs/Application/Admin/Controller/CommonController.class.php 第 11 行.
INFO: [ view_parse ] --START--
INFO: [ template_filter ] --START--
INFO: Run Behavior\ContentReplaceBehavior [ RunTime:0.000115s ]
INFO: [ template_filter ] --END-- [ RunTime:0.000184s ]
INFO: Run Behavior\ParseTemplateBehavior [ RunTime:0.042891s ]
INFO: [ view_parse ] --END-- [ RunTime:0.042964s ]
INFO: [ view_filter ] --START--
INFO: Run Behavior\WriteHtmlCacheBehavior [ RunTime:0.000307s ]
INFO: [ view_filter ] --END-- [ RunTime:0.000352s ]

