[ 2017-01-16T05:39:40+08:00 ] 123.125.71.51 /index.php?m=Admin&c=Index&a=index
INFO: [ app_init ] --START--
INFO: Run Behavior\BuildLiteBehavior [ RunTime:0.000019s ]
INFO: [ app_init ] --END-- [ RunTime:0.000441s ]
INFO: [ app_begin ] --START--
INFO: Run Behavior\ReadHtmlCacheBehavior [ RunTime:0.000513s ]
INFO: [ app_begin ] --END-- [ RunTime:0.000564s ]
SQL: SHOW COLUMNS FROM `blog_jingli` [ RunTime:0.0009s ]
NOTIC: [8] Undefined index: username /data/home/qxu1141980280/htdocs/Application/Admin/Controller/CommonController.class.php 第 10 行.
SQL: SELECT * FROM `blog_jingli` WHERE ( username = '%s' ) LIMIT 1   [ RunTime:0.0005s ]
NOTIC: [8] Undefined index: username /data/home/qxu1141980280/htdocs/Application/Admin/Controller/CommonController.class.php 第 11 行.
INFO: [ view_parse ] --START--
INFO: [ template_filter ] --START--
INFO: Run Behavior\ContentReplaceBehavior [ RunTime:0.000109s ]
INFO: [ template_filter ] --END-- [ RunTime:0.000160s ]
INFO: Run Behavior\ParseTemplateBehavior [ RunTime:0.009268s ]
INFO: [ view_parse ] --END-- [ RunTime:0.009324s ]
INFO: [ view_filter ] --START--
INFO: Run Behavior\WriteHtmlCacheBehavior [ RunTime:0.000288s ]
INFO: [ view_filter ] --END-- [ RunTime:0.000328s ]

